<?xml version="1.0" encoding="utf-8"?><testsuites name="pytest tests"><testsuite name="pytest" errors="0" failures="0" skipped="0" tests="3" time="5.278" timestamp="2025-09-17T20:42:38.383788+02:00" hostname="MacBook-Pro-Dara.local"><testcase classname="tests.integration.test_search_trace_snapshots" name="test_ac_tier_trace_snapshot" time="0.003" /><testcase classname="tests.integration.test_search_trace_snapshots" name="test_vector_fallback_trace_snapshot" time="0.001" /><testcase classname="tests.integration.test_search_trace_snapshots" name="test_hybrid_rerank_trace_snapshot" time="0.002" /></testsuite></testsuites>