<?xml version="1.0" encoding="utf-8"?><testsuites name="pytest tests"><testsuite name="pytest" errors="0" failures="202" skipped="15" tests="1833" time="425.504" timestamp="2025-09-15T21:42:27.520191+02:00" hostname="MacBook-Pro-Dara.local"><testcase classname="tests.e2e.test_full_pipeline_risk.TestFullPipelineRiskE2E" name="test_full_pipeline_high_risk_scenario" time="0.004" /><testcase classname="tests.e2e.test_full_pipeline_risk.TestFullPipelineRiskE2E" name="test_decision_engine_integration_with_mock_data" time="0.003" /><testcase classname="tests.e2e.test_full_pipeline_risk.TestFullPipelineRiskE2E" name="test_api_response_format_with_risk_fields" time="0.005" /><testcase classname="tests.e2e.test_full_pipeline_risk.TestFullPipelineRiskE2E" name="test_pipeline_with_different_risk_levels" time="0.002" /><testcase classname="tests.e2e.test_full_pipeline_risk.TestFullPipelineRiskE2E" name="test_pipeline_error_handling" time="0.002" /><testcase classname="tests.e2e.test_nightmare_scenario.TestNightmareScenario" name="test_nightmare_scenario_gnatyuk_abdullaev" time="0.002" /><testcase classname="tests.e2e.test_nightmare_scenario.TestNightmareScenario" name="test_multilingual_nightmare" time="0.001" /><testcase classname="tests.e2e.test_nightmare_scenario.TestNightmareScenario" name="test_corrupted_encoding_nightmare" time="0.002"><failure message="AssertionError: Should recover Sergii variants from corrupted text 0&#10;assert False&#10; +  where False = any(&lt;generator object TestNightmareScenario.test_corrupted_encoding_nightmare.&lt;locals&gt;.&lt;genexpr&gt; at 0x16bb89700&gt;)">self = &lt;tests.e2e.test_nightmare_scenario.TestNightmareScenario object at 0x13f80ba80&gt;
orchestrator_service = &lt;src.ai_service.core.unified_orchestrator.UnifiedOrchestrator object at 0x16bb69810&gt;

    async def test_corrupted_encoding_nightmare(self, orchestrator_service):
        """
        Corrupted encoding nightmare test:
        Simulating encoding problems during data transmission
        """
        # Arrange
        # Simulate various encoding problems
        corrupted_texts = [
            "Ð¡ÐµÑ€Ð³Ð¸Ð¹ Ð˜Ð²Ð°Ð½Ð¾Ð²",  # UTF-8 interpreted as Latin-1
            "СергÐ¸Ð¹ Иванов",  # Partially corrupted encoding
            "Sergii Ä°vanov",  # Mixed encodings
            "Сергій Іванов",  # Correct Ukrainian encoding for comparison
        ]
    
        # Act &amp; Assert
        for i, corrupted_text in enumerate(corrupted_texts):
            result = await orchestrator_service.process(
                text=corrupted_text,
                generate_variants=True,
                generate_embeddings=False
            )
    
            assert result.success is True, f"Failed to process corrupted text {i}: {corrupted_text}"
            assert len(result.variants) &gt; 0, f"No variants generated for corrupted text {i}"
    
            # Check that the system tries to recover the name
            all_variants_lower = ' '.join(result.variants).lower()
&gt;           assert any(name in all_variants_lower for name in ['sergii', 'sergey', 'сергий', 'сергій']), \
                f"Should recover Sergii variants from corrupted text {i}"
E           AssertionError: Should recover Sergii variants from corrupted text 0
E           assert False
E            +  where False = any(&lt;generator object TestNightmareScenario.test_corrupted_encoding_nightmare.&lt;locals&gt;.&lt;genexpr&gt; at 0x16bb89700&gt;)

tests/e2e/test_nightmare_scenario.py:149: AssertionError</failure></testcase><testcase classname="tests.e2e.test_nightmare_scenario.TestNightmareScenario" name="test_performance_nightmare" time="0.002"><failure message="AssertionError: Should generate many variants for complex text, got 12&#10;assert 12 &gt;= 50&#10; +  where 12 = len(['Gnatuk Abdulaeva Zhorzha Rashida', 'Gnatuk Abdulaev Zhorzha Rashid', 'Gnatuk Abdulaev Zhorzha Rashidovich', 'Gnatuk ...hidovich Freedom', 'Jean-Baptiste Müller Олександр Петренко-Сміт', 'Jean-Baptiste Muller Олександр Петренко-Сміт', ...])&#10; +    where ['Gnatuk Abdulaeva Zhorzha Rashida', 'Gnatuk Abdulaev Zhorzha Rashid', 'Gnatuk Abdulaev Zhorzha Rashidovich', 'Gnatuk ...hidovich Freedom', 'Jean-Baptiste Müller Олександр Петренко-Сміт', 'Jean-Baptiste Muller Олександр Петренко-Сміт', ...] = UnifiedProcessingResult(original_text='\n        В конференции участвовали: Jean-Baptiste Müller (Zürich), Олександр П...мит Zürcher Strasse'], embeddings=None, decision=None, processing_time=0.00015616416931152344, success=True, errors=[]).variants">self = &lt;tests.e2e.test_nightmare_scenario.TestNightmareScenario object at 0x13f80b950&gt;
orchestrator_service = &lt;src.ai_service.core.unified_orchestrator.UnifiedOrchestrator object at 0x16bb74fc0&gt;

    async def test_performance_nightmare(self, orchestrator_service):
        """
        Performance test for nightmare scenario:
        Large volume of complex text with many names
        """
        # Arrange
        complex_text = """
        В конференции участвовали: Jean-Baptiste Müller (Zürich), Олександр Петренко-Сміт (Київ),
        María José García-Rodríguez (Madrid), Владимир Александрович Иванов-Петров (Москва),
        O'Connor Patrick Michael (Dublin), Žofie Nováková-Svobodová (Praha),
        Αλέξανδρος Παπαδόπουλος (Athens), 山田太郎 (Tokyo), محمد عبد الله (Cairo),
        Андрій Васильович Коваленко-Шевченко (Львів), Giuseppe Di Marco-Rossi (Milano).
        Также присутствовали представители организаций 'Freedom &amp; Justice', "Human Rights Watch",
        'Врачи без границ', и фонда имени Андрея Сахарова.
        """
    
        # Act
        import time
        start_time = time.time()
    
        result = await orchestrator_service.process(
            text=complex_text,
            generate_variants=True,
            generate_embeddings=False
        )
    
        end_time = time.time()
        processing_time = end_time - start_time
    
        # Assert
        assert result.success is True, "Complex text processing should succeed"
        assert processing_time &lt; 30.0, f"Processing should complete within 30 seconds, took {processing_time:.2f}s"
&gt;       assert len(result.variants) &gt;= 50, f"Should generate many variants for complex text, got {len(result.variants)}"
E       AssertionError: Should generate many variants for complex text, got 12
E       assert 12 &gt;= 50
E        +  where 12 = len(['Gnatuk Abdulaeva Zhorzha Rashida', 'Gnatuk Abdulaev Zhorzha Rashid', 'Gnatuk Abdulaev Zhorzha Rashidovich', 'Gnatuk ...hidovich Freedom', 'Jean-Baptiste Müller Олександр Петренко-Сміт', 'Jean-Baptiste Muller Олександр Петренко-Сміт', ...])
E        +    where ['Gnatuk Abdulaeva Zhorzha Rashida', 'Gnatuk Abdulaev Zhorzha Rashid', 'Gnatuk Abdulaev Zhorzha Rashidovich', 'Gnatuk ...hidovich Freedom', 'Jean-Baptiste Müller Олександр Петренко-Сміт', 'Jean-Baptiste Muller Олександр Петренко-Сміт', ...] = UnifiedProcessingResult(original_text='\n        В конференции участвовали: Jean-Baptiste Müller (Zürich), Олександр П...мит Zürcher Strasse'], embeddings=None, decision=None, processing_time=0.00015616416931152344, success=True, errors=[]).variants

tests/e2e/test_nightmare_scenario.py:184: AssertionError</failure></testcase><testcase classname="tests.e2e.test_nightmare_scenario.TestNightmareScenario" name="test_edge_cases_nightmare" time="0.003"><failure message="AssertionError: assert ('   \t\n\r   ' == ''&#10;  &#10;  Strings contain only whitespace, escaping them using repr()&#10;  - ''&#10;  + '   \t\n\r   ' or 9 &lt;= 2)&#10; +  where 9 = len('   \t\n\r   ')&#10; +    where '   \t\n\r   ' = UnifiedProcessingResult(original_text='   \t\n\r   ', language='uk', language_confidence=0.9, normalized_text='   \t\n...Смит Zürcher Strasse'], embeddings=None, decision=None, processing_time=6.890296936035156e-05, success=True, errors=[]).normalized_text">self = &lt;tests.e2e.test_nightmare_scenario.TestNightmareScenario object at 0x13fa39010&gt;
orchestrator_service = &lt;src.ai_service.core.unified_orchestrator.UnifiedOrchestrator object at 0x16bb75ba0&gt;

    async def test_edge_cases_nightmare(self, orchestrator_service):
        """
        Edge cases test:
        Very short, very long, and strange input data
        """
        # Arrange
        edge_cases = [
            "",  # Empty string
            "A",  # Single letter
            "Я",  # Single Cyrillic letter
            "X" * 1000,  # Very long string
            "Ё" * 100,  # Repeated special characters
            "∑∂∆∞≈≠≤≥±",  # Mathematical symbols
            "#x1F3AD#x1F3A8#x1F3AA#x1F3AF#x1F3B2",  # Emojis
            "Тест\x00\x01\x02",  # Control characters
            "   \t\n\r   ",  # Only spaces
            "Сергій" + "\u200b" * 10 + "Іванов",  # Invisible characters
        ]
    
        # Act &amp; Assert
        for i, edge_case in enumerate(edge_cases):
            result = await orchestrator_service.process(
                text=edge_case,
                generate_variants=True,
                generate_embeddings=False
            )
    
            # Main check - should not crash
            assert result is not None, f"Edge case {i} returned None: '{repr(edge_case)}'"
            assert hasattr(result, 'success'), f"Edge case {i} missing success attribute"
    
            # For empty or meaningless input data
            if not edge_case.strip() or len(edge_case.strip()) &lt; 2:
&gt;               assert result.normalized_text == "" or len(result.normalized_text) &lt;= 2
E               AssertionError: assert ('   \t\n\r   ' == ''
E                 
E                 Strings contain only whitespace, escaping them using repr()
E                 - ''
E                 + '   \t\n\r   ' or 9 &lt;= 2)
E                +  where 9 = len('   \t\n\r   ')
E                +    where '   \t\n\r   ' = UnifiedProcessingResult(original_text='   \t\n\r   ', language='uk', language_confidence=0.9, normalized_text='   \t\n...Смит Zürcher Strasse'], embeddings=None, decision=None, processing_time=6.890296936035156e-05, success=True, errors=[]).normalized_text

tests/e2e/test_nightmare_scenario.py:248: AssertionError</failure></testcase><testcase classname="tests.e2e.test_nightmare_scenario.TestNightmareScenario" name="test_cache_effectiveness_nightmare" time="0.002"><failure message="TypeError: UnifiedOrchestrator.process() got an unexpected keyword argument 'cache_result'">self = &lt;tests.e2e.test_nightmare_scenario.TestNightmareScenario object at 0x13f8a99d0&gt;
orchestrator_service = &lt;src.ai_service.core.unified_orchestrator.UnifiedOrchestrator object at 0x16baed130&gt;

    async def test_cache_effectiveness_nightmare(self, orchestrator_service):
        """
        Cache effectiveness test in nightmare scenarios
        """
        # Arrange
        test_text = "Олександр Петренко-Сміт встретил Jean-Baptiste Müller"
    
        # Act - first request (cache miss)
        import time
    
        start_time = time.time()
&gt;       result1 = await orchestrator_service.process(
            text=test_text,
            generate_variants=True,
            cache_result=True
        )
E       TypeError: UnifiedOrchestrator.process() got an unexpected keyword argument 'cache_result'

tests/e2e/test_nightmare_scenario.py:266: TypeError</failure></testcase><testcase classname="tests.e2e.test_nightmare_scenario.TestNightmareScenario" name="test_batch_nightmare" time="0.002"><failure message="AttributeError: 'UnifiedOrchestrator' object has no attribute 'process_batch'">self = &lt;tests.e2e.test_nightmare_scenario.TestNightmareScenario object at 0x13f8a86b0&gt;
orchestrator_service = &lt;src.ai_service.core.unified_orchestrator.UnifiedOrchestrator object at 0x16bbd8160&gt;

    async def test_batch_nightmare(self, orchestrator_service):
        """
        Batch processing test for nightmare cases
        """
        # Arrange
        nightmare_batch = [
            "Гнатюк-Абдуллаєв Жорж",
            "Jean-Baptiste Müller",
            "Олександр Петренко-Сміт",
            "María José García",
            "O'Connor Patrick",
            "Владимир Иванов-Петров",
            "∑∂∆ Тест ∞",
            "",
            "X" * 100,
            "Сергій" + "\u200b" + "Іванов"
        ]
    
        # Act
&gt;       results = await orchestrator_service.process_batch(
                        ^^^^^^^^^^^^^^^^^^^^^^^^^^^^^^^^^^
            texts=nightmare_batch,
            generate_variants=True,
            generate_embeddings=False,
            max_concurrent=3
        )
E       AttributeError: 'UnifiedOrchestrator' object has no attribute 'process_batch'

tests/e2e/test_nightmare_scenario.py:330: AttributeError</failure></testcase><testcase classname="tests.e2e.test_sanctions_screening_pipeline.TestSanctionsScreeningPipelineE2E" name="test_high_risk_sanctioned_individual" time="0.001" /><testcase classname="tests.e2e.test_sanctions_screening_pipeline.TestSanctionsScreeningPipelineE2E" name="test_ukrainian_surname_pattern_detection" time="0.001"><failure message="AssertionError: assert &lt;Mock name='mock.screen_entity().input_text' id='6102502768'&gt; == 'Petro Poroshenko'&#10; +  where &lt;Mock name='mock.screen_entity().input_text' id='6102502768'&gt; = &lt;Mock name='mock.screen_entity()' id='6102500080'&gt;.input_text">self = &lt;tests.e2e.test_sanctions_screening_pipeline.TestSanctionsScreeningPipelineE2E object at 0x13f899e50&gt;
screening_pipeline = &lt;AsyncMock id='6102500752'&gt;

    async def test_ukrainian_surname_pattern_detection(self, screening_pipeline):
        """Test E2E screening with Ukrainian surname pattern"""
        # Arrange
        ukrainian_name = "Petro Poroshenko"
        metadata = {
            'entity_type': 'PERSON',
            'country': 'UA'
        }
    
        # Act
        result = await screening_pipeline.screen_entity(ukrainian_name, metadata)
    
        # Assert
&gt;       assert result.input_text == ukrainian_name
E       AssertionError: assert &lt;Mock name='mock.screen_entity().input_text' id='6102502768'&gt; == 'Petro Poroshenko'
E        +  where &lt;Mock name='mock.screen_entity().input_text' id='6102502768'&gt; = &lt;Mock name='mock.screen_entity()' id='6102500080'&gt;.input_text

tests/e2e/test_sanctions_screening_pipeline.py:98: AssertionError</failure></testcase><testcase classname="tests.e2e.test_sanctions_screening_pipeline.TestSanctionsScreeningPipelineE2E" name="test_low_risk_common_name" time="0.001" /><testcase classname="tests.e2e.test_sanctions_screening_pipeline.TestSanctionsScreeningPipelineE2E" name="test_malicious_input_sanitization" time="0.001"><failure message="assert &lt;Mock name='mock.screen_entity().input_text' id='6103093936'&gt; == &quot;&lt;script&gt;alert('xss')&lt;/script&gt;Petro Poroshenko&quot;&#10; +  where &lt;Mock name='mock.screen_entity().input_text' id='6103093936'&gt; = &lt;Mock name='mock.screen_entity()' id='6103092928'&gt;.input_text">self = &lt;tests.e2e.test_sanctions_screening_pipeline.TestSanctionsScreeningPipelineE2E object at 0x13fa24770&gt;
screening_pipeline = &lt;AsyncMock id='6103091248'&gt;

    async def test_malicious_input_sanitization(self, screening_pipeline):
        """Test E2E handling of malicious input through sanitization"""
        # Arrange
        malicious_input = "&lt;script&gt;alert('xss')&lt;/script&gt;Petro Poroshenko"
    
        # Act
        result = await screening_pipeline.screen_entity(malicious_input)
    
        # Assert
&gt;       assert result.input_text == malicious_input  # Original preserved for audit
        ^^^^^^^^^^^^^^^^^^^^^^^^^^^^^^^^^^^^^^^^^^^
E       assert &lt;Mock name='mock.screen_entity().input_text' id='6103093936'&gt; == "&lt;script&gt;alert('xss')&lt;/script&gt;Petro Poroshenko"
E        +  where &lt;Mock name='mock.screen_entity().input_text' id='6103093936'&gt; = &lt;Mock name='mock.screen_entity()' id='6103092928'&gt;.input_text

tests/e2e/test_sanctions_screening_pipeline.py:135: AssertionError</failure></testcase><testcase classname="tests.e2e.test_sanctions_screening_pipeline.TestSanctionsScreeningPipelineE2E" name="test_homoglyph_obfuscation_detection" time="0.001" /><testcase classname="tests.e2e.test_sanctions_screening_pipeline.TestSanctionsScreeningPipelineE2E" name="test_zero_width_character_obfuscation" time="0.001" /><testcase classname="tests.e2e.test_sanctions_screening_pipeline.TestSanctionsScreeningPipelineE2E" name="test_mixed_cyrillic_latin_text" time="0.001" /><testcase classname="tests.e2e.test_sanctions_screening_pipeline.TestSanctionsScreeningPipelineE2E" name="test_payment_context_screening" time="0.001" /><testcase classname="tests.e2e.test_sanctions_screening_pipeline.TestSanctionsScreeningPipelineE2E" name="test_early_stopping_high_confidence" time="0.001"><failure message="AssertionError: assert &lt;Mock name='mock.screen_entity().early_stopped' id='6103098304'&gt; is True&#10; +  where &lt;Mock name='mock.screen_entity().early_stopped' id='6103098304'&gt; = &lt;Mock name='mock.screen_entity()' id='6103099648'&gt;.early_stopped">self = &lt;tests.e2e.test_sanctions_screening_pipeline.TestSanctionsScreeningPipelineE2E object at 0x13fa14050&gt;
screening_pipeline = &lt;AsyncMock id='6103099984'&gt;

    async def test_early_stopping_high_confidence(self, screening_pipeline):
        """Test E2E early stopping on high confidence match"""
        # Arrange
        high_confidence_match = "putin"  # Should trigger AC exact match
    
        # Act
        result = await screening_pipeline.screen_entity(high_confidence_match)
    
        # Assert
        if result.final_confidence &gt;= 0.95:
&gt;           assert result.early_stopped is True
E           AssertionError: assert &lt;Mock name='mock.screen_entity().early_stopped' id='6103098304'&gt; is True
E            +  where &lt;Mock name='mock.screen_entity().early_stopped' id='6103098304'&gt; = &lt;Mock name='mock.screen_entity()' id='6103099648'&gt;.early_stopped

tests/e2e/test_sanctions_screening_pipeline.py:207: AssertionError</failure></testcase><testcase classname="tests.e2e.test_sanctions_screening_pipeline.TestSanctionsScreeningPipelineE2E" name="test_multi_language_entity_screening" time="0.001" /><testcase classname="tests.e2e.test_sanctions_screening_pipeline.TestSanctionsScreeningPipelineE2E" name="test_performance_under_load" time="0.001"><failure message="AssertionError: assert &lt;Mock name='mock.screen_entity().input_text' id='6103438336'&gt; == 'Petro Poroshenko'&#10; +  where &lt;Mock name='mock.screen_entity().input_text' id='6103438336'&gt; = &lt;Mock name='mock.screen_entity()' id='6103437328'&gt;.input_text">self = &lt;tests.e2e.test_sanctions_screening_pipeline.TestSanctionsScreeningPipelineE2E object at 0x13f84d040&gt;
screening_pipeline = &lt;AsyncMock id='6103436656'&gt;

    async def test_performance_under_load(self, screening_pipeline):
        """Test E2E performance under concurrent load"""
        # Arrange
        test_entities = [
            "Petro Poroshenko",
            "Volodymyr Zelenskyy",
            "John Smith",
            "Maria Gonzalez",
            "Test Name",  # Chinese characters
            "Mohammed Ali"  # Arabic characters
        ]
    
        # Act - Process concurrently
        tasks = [
            screening_pipeline.screen_entity(entity)
            for entity in test_entities
        ]
        results = await asyncio.gather(*tasks)
    
        # Assert
        assert len(results) == len(test_entities)
    
        for i, result in enumerate(results):
&gt;           assert result.input_text == test_entities[i]
E           AssertionError: assert &lt;Mock name='mock.screen_entity().input_text' id='6103438336'&gt; == 'Petro Poroshenko'
E            +  where &lt;Mock name='mock.screen_entity().input_text' id='6103438336'&gt; = &lt;Mock name='mock.screen_entity()' id='6103437328'&gt;.input_text

tests/e2e/test_sanctions_screening_pipeline.py:259: AssertionError</failure></testcase><testcase classname="tests.e2e.test_sanctions_screening_pipeline.TestSanctionsScreeningPipelineE2E" name="test_error_recovery_and_graceful_degradation" time="0.001" /><testcase classname="tests.e2e.test_sanctions_screening_pipeline.TestSanctionsScreeningPipelineE2E" name="test_audit_trail_completeness" time="0.001"><failure message="AssertionError: assert 'start_time' in {'tiers': ['tier1', 'tier2']}&#10; +  where {'tiers': ['tier1', 'tier2']} = &lt;Mock name='mock.screen_entity()' id='6103444384'&gt;.audit_trail">self = &lt;tests.e2e.test_sanctions_screening_pipeline.TestSanctionsScreeningPipelineE2E object at 0x13fa32430&gt;
screening_pipeline = &lt;AsyncMock id='6103443712'&gt;

    async def test_audit_trail_completeness(self, screening_pipeline):
        """Test E2E audit trail completeness"""
        # Arrange
        test_entity = "Audit Trail Test"
    
        # Act
        result = await screening_pipeline.screen_entity(test_entity)
    
        # Assert
        assert 'tiers' in result.audit_trail
&gt;       assert 'start_time' in result.audit_trail
E       AssertionError: assert 'start_time' in {'tiers': ['tier1', 'tier2']}
E        +  where {'tiers': ['tier1', 'tier2']} = &lt;Mock name='mock.screen_entity()' id='6103444384'&gt;.audit_trail

tests/e2e/test_sanctions_screening_pipeline.py:294: AssertionError</failure></testcase><testcase classname="tests.e2e.test_sanctions_screening_pipeline.TestSanctionsScreeningPipelineE2E" name="test_risk_level_classification_accuracy" time="0.001" /><testcase classname="tests.e2e.test_sanctions_screening_pipeline.TestSanctionsScreeningPipelineE2E" name="test_vector_similarity_integration" time="0.001" /><testcase classname="tests.e2e.test_sanctions_screening_pipeline.TestSanctionsScreeningPipelineE2E" name="test_screening_metrics_collection" time="0.001"><failure message="TypeError: argument of type 'coroutine' is not iterable">self = &lt;tests.e2e.test_sanctions_screening_pipeline.TestSanctionsScreeningPipelineE2E object at 0x13f8bdb50&gt;
screening_pipeline = &lt;AsyncMock id='6103763664'&gt;

    def test_screening_metrics_collection(self, screening_pipeline):
        """Test E2E metrics collection"""
        # Act
        metrics = screening_pipeline.get_screening_metrics()
    
        # Assert
&gt;       assert 'total_screenings' in metrics
               ^^^^^^^^^^^^^^^^^^^^^^^^^^^^^
E       TypeError: argument of type 'coroutine' is not iterable

tests/e2e/test_sanctions_screening_pipeline.py:337: TypeError</failure></testcase><testcase classname="tests.e2e.test_sanctions_screening_pipeline.TestSanctionsScreeningPipelineE2E" name="test_configuration_driven_processing" time="0.001" /><testcase classname="tests.e2e.test_sanctions_screening_pipeline.TestSanctionsScreeningPipelineE2E" name="test_sanctions_data_format_compatibility" time="0.001"><failure message="AssertionError: assert &lt;Mock name='mock.screen_entity().input_text' id='6103766016'&gt; == 'Test Entity'&#10; +  where &lt;Mock name='mock.screen_entity().input_text' id='6103766016'&gt; = &lt;Mock name='mock.screen_entity()' id='6103097296'&gt;.input_text">self = &lt;tests.e2e.test_sanctions_screening_pipeline.TestSanctionsScreeningPipelineE2E object at 0x13fa49ff0&gt;
screening_pipeline = &lt;AsyncMock id='6103095616'&gt;

    async def test_sanctions_data_format_compatibility(self, screening_pipeline):
        """Test E2E compatibility with actual sanctions data format"""
        # Arrange - Simulate real sanctions data structure
        sanctions_entity = {
            'name': 'Test Entity',
            'name_en': 'Test Entity',
            'name_ru': 'Test Entity',
            'entity_type': 'PERSON',
            'birthdate': '1970-01-01',
            'itn': '1234567890',
            'status': 'ACTIVE',
            'source': 'TEST_SANCTIONS_LIST'
        }
    
        # Act
        result = await screening_pipeline.screen_entity(
            sanctions_entity['name'],
            entity_metadata=sanctions_entity
        )
    
        # Assert
&gt;       assert result.input_text == sanctions_entity['name']
E       AssertionError: assert &lt;Mock name='mock.screen_entity().input_text' id='6103766016'&gt; == 'Test Entity'
E        +  where &lt;Mock name='mock.screen_entity().input_text' id='6103766016'&gt; = &lt;Mock name='mock.screen_entity()' id='6103097296'&gt;.input_text

tests/e2e/test_sanctions_screening_pipeline.py:387: AssertionError</failure></testcase><testcase classname="tests.e2e.test_sanctions_screening_pipeline.TestSanctionsScreeningPipelineE2E" name="test_language_detection_integration" time="0.001" /><testcase classname="tests.e2e.test_sanctions_screening_pipeline.TestSanctionsScreeningRobustness" name="test_extremely_long_input_handling" time="0.001"><failure message="TypeError: object Mock can't be used in 'await' expression">self = &lt;tests.e2e.test_sanctions_screening_pipeline.TestSanctionsScreeningRobustness object at 0x13f89b110&gt;
robust_screening_pipeline = &lt;Mock id='6103768032'&gt;

    async def test_extremely_long_input_handling(self, robust_screening_pipeline):
        """Test handling of extremely long input text"""
        # Arrange
        very_long_text = "Test " * 10000  # 50k+ characters
    
        # Act
&gt;       result = await robust_screening_pipeline.screen_entity(very_long_text)
                 ^^^^^^^^^^^^^^^^^^^^^^^^^^^^^^^^^^^^^^^^^^^^^^^^^^^^^^^^^^^^^
E       TypeError: object Mock can't be used in 'await' expression

tests/e2e/test_sanctions_screening_pipeline.py:430: TypeError</failure></testcase><testcase classname="tests.e2e.test_sanctions_screening_pipeline.TestSanctionsScreeningRobustness" name="test_unicode_edge_cases" time="0.001"><failure message="TypeError: object Mock can't be used in 'await' expression">self = &lt;tests.e2e.test_sanctions_screening_pipeline.TestSanctionsScreeningRobustness object at 0x13f89b250&gt;
robust_screening_pipeline = &lt;Mock id='6103446400'&gt;

    async def test_unicode_edge_cases(self, robust_screening_pipeline):
        """Test Unicode edge cases and special characters"""
        # Arrange
        unicode_test_cases = [
            "Test Name",  # Emoji
            "Test\u0000Name",      # Null character
            "Test\u200eName",      # Left-to-right mark
            "Hebrew Name Arabic",   # Mixed RTL/LTR
            "Test\U0001F4A9Name"   # 4-byte Unicode
        ]
    
        # Act &amp; Assert
        for test_case in unicode_test_cases:
&gt;           result = await robust_screening_pipeline.screen_entity(test_case)
                     ^^^^^^^^^^^^^^^^^^^^^^^^^^^^^^^^^^^^^^^^^^^^^^^^^^^^^^^^
E           TypeError: object Mock can't be used in 'await' expression

tests/e2e/test_sanctions_screening_pipeline.py:450: TypeError</failure></testcase><testcase classname="tests.e2e.test_sanctions_screening_pipeline.TestSanctionsScreeningRobustness" name="test_concurrent_screening_stress" time="0.001"><failure message="TypeError: An asyncio.Future, a coroutine or an awaitable is required">self = &lt;tests.e2e.test_sanctions_screening_pipeline.TestSanctionsScreeningRobustness object at 0x13fa248a0&gt;
robust_screening_pipeline = &lt;Mock id='6103094608'&gt;

    async def test_concurrent_screening_stress(self, robust_screening_pipeline):
        """Test concurrent screening under stress conditions"""
        # Arrange
        num_concurrent = 50
        test_entities = [f"Concurrent Test {i}" for i in range(num_concurrent)]
    
        # Act
        start_time = asyncio.get_event_loop().time()
        tasks = [
            robust_screening_pipeline.screen_entity(entity)
            for entity in test_entities
        ]
&gt;       results = await asyncio.gather(*tasks, return_exceptions=True)
                        ^^^^^^^^^^^^^^^^^^^^^^^^^^^^^^^^^^^^^^^^^^^^^^

tests/e2e/test_sanctions_screening_pipeline.py:467: 
_ _ _ _ _ _ _ _ _ _ _ _ _ _ _ _ _ _ _ _ _ _ _ _ _ _ _ _ _ _ _ _ _ _ _ _ _ _ _ _ 

return_exceptions = True
coros_or_futures = (&lt;Mock name='mock.screen_entity()' id='6103094272'&gt;, &lt;Mock name='mock.screen_entity()' id='6103094272'&gt;, &lt;Mock name='m...3094272'&gt;, &lt;Mock name='mock.screen_entity()' id='6103094272'&gt;, &lt;Mock name='mock.screen_entity()' id='6103094272'&gt;, ...)
loop = None
_done_callback = &lt;function gather.&lt;locals&gt;._done_callback at 0x16bc13d80&gt;

    def gather(*coros_or_futures, return_exceptions=False):
        """Return a future aggregating results from the given coroutines/futures.
    
        Coroutines will be wrapped in a future and scheduled in the event
        loop. They will not necessarily be scheduled in the same order as
        passed in.
    
        All futures must share the same event loop.  If all the tasks are
        done successfully, the returned future's result is the list of
        results (in the order of the original sequence, not necessarily
        the order of results arrival).  If *return_exceptions* is True,
        exceptions in the tasks are treated the same as successful
        results, and gathered in the result list; otherwise, the first
        raised exception will be immediately propagated to the returned
        future.
    
        Cancellation: if the outer Future is cancelled, all children (that
        have not completed yet) are also cancelled.  If any child is
        cancelled, this is treated as if it raised CancelledError --
        the outer Future is *not* cancelled in this case.  (This is to
        prevent the cancellation of one child to cause other children to
        be cancelled.)
    
        If *return_exceptions* is False, cancelling gather() after it
        has been marked done won't cancel any submitted awaitables.
        For instance, gather can be marked done after propagating an
        exception to the caller, therefore, calling ``gather.cancel()``
        after catching an exception (raised by one of the awaitables) from
        gather won't cancel any other awaitables.
        """
        if not coros_or_futures:
            loop = events.get_event_loop()
            outer = loop.create_future()
            outer.set_result([])
            return outer
    
        def _done_callback(fut):
            nonlocal nfinished
            nfinished += 1
    
            if outer is None or outer.done():
                if not fut.cancelled():
                    # Mark exception retrieved.
                    fut.exception()
                return
    
            if not return_exceptions:
                if fut.cancelled():
                    # Check if 'fut' is cancelled first, as
                    # 'fut.exception()' will *raise* a CancelledError
                    # instead of returning it.
                    exc = fut._make_cancelled_error()
                    outer.set_exception(exc)
                    return
                else:
                    exc = fut.exception()
                    if exc is not None:
                        outer.set_exception(exc)
                        return
    
            if nfinished == nfuts:
                # All futures are done; create a list of results
                # and set it to the 'outer' future.
                results = []
    
                for fut in children:
                    if fut.cancelled():
                        # Check if 'fut' is cancelled first, as 'fut.exception()'
                        # will *raise* a CancelledError instead of returning it.
                        # Also, since we're adding the exception return value
                        # to 'results' instead of raising it, don't bother
                        # setting __context__.  This also lets us preserve
                        # calling '_make_cancelled_error()' at most once.
                        res = exceptions.CancelledError(
                            '' if fut._cancel_message is None else
                            fut._cancel_message)
                    else:
                        res = fut.exception()
                        if res is None:
                            res = fut.result()
                    results.append(res)
    
                if outer._cancel_requested:
                    # If gather is being cancelled we must propagate the
                    # cancellation regardless of *return_exceptions* argument.
                    # See issue 32684.
                    exc = fut._make_cancelled_error()
                    outer.set_exception(exc)
                else:
                    outer.set_result(results)
    
        arg_to_fut = {}
        children = []
        nfuts = 0
        nfinished = 0
        done_futs = []
        loop = None
        outer = None  # bpo-46672
        for arg in coros_or_futures:
            if arg not in arg_to_fut:
&gt;               fut = ensure_future(arg, loop=loop)
                      ^^^^^^^^^^^^^^^^^^^^^^^^^^^^^

/opt/homebrew/Cellar/python@3.13/3.13.7/Frameworks/Python.framework/Versions/3.13/lib/python3.13/asyncio/tasks.py:884: 
_ _ _ _ _ _ _ _ _ _ _ _ _ _ _ _ _ _ _ _ _ _ _ _ _ _ _ _ _ _ _ _ _ _ _ _ _ _ _ _ 

coro_or_future = &lt;Mock name='mock.screen_entity()' id='6103094272'&gt;

    def ensure_future(coro_or_future, *, loop=None):
        """Wrap a coroutine or an awaitable in a future.
    
        If the argument is a Future, it is returned directly.
        """
        if futures.isfuture(coro_or_future):
            if loop is not None and loop is not futures._get_loop(coro_or_future):
                raise ValueError('The future belongs to a different loop than '
                                'the one specified as the loop argument')
            return coro_or_future
        should_close = True
        if not coroutines.iscoroutine(coro_or_future):
            if inspect.isawaitable(coro_or_future):
                async def _wrap_awaitable(awaitable):
                    return await awaitable
    
                coro_or_future = _wrap_awaitable(coro_or_future)
                should_close = False
            else:
&gt;               raise TypeError('An asyncio.Future, a coroutine or an awaitable '
                                'is required')
E               TypeError: An asyncio.Future, a coroutine or an awaitable is required

/opt/homebrew/Cellar/python@3.13/3.13.7/Frameworks/Python.framework/Versions/3.13/lib/python3.13/asyncio/tasks.py:742: TypeError</failure></testcase><testcase classname="tests.integration.test_api_risk_response.TestAPIRiskResponse" name="test_process_endpoint_response_format" time="0.001" /><testcase classname="tests.integration.test_api_risk_response.TestAPIRiskResponse" name="test_process_endpoint_response_without_decision_engine" time="0.000" /><testcase classname="tests.integration.test_api_risk_response.TestAPIRiskResponse" name="test_decision_output_serialization" time="0.000" /><testcase classname="tests.integration.test_api_risk_response.TestAPIRiskResponse" name="test_risk_level_values" time="0.000" /><testcase classname="tests.integration.test_diminutive_forms" name="test_diminutive_forms" time="0.034" /><testcase classname="tests.integration.test_e2e_sanctions_screening.TestE2ESanctionsScreening" name="test_russian_person_with_documents" time="0.116" /><testcase classname="tests.integration.test_e2e_sanctions_screening.TestE2ESanctionsScreening" name="test_ukrainian_organization_with_legal_form" time="0.005" /><testcase classname="tests.integration.test_e2e_sanctions_screening.TestE2ESanctionsScreening" name="test_english_mixed_script_name" time="0.005" /><testcase classname="tests.integration.test_e2e_sanctions_screening.TestE2ESanctionsScreening" name="test_complex_payment_description" time="0.010" /><testcase classname="tests.integration.test_e2e_sanctions_screening.TestE2ESanctionsScreening" name="test_edge_case_compound_names" time="0.004" /><testcase classname="tests.integration.test_e2e_sanctions_screening.TestE2ESanctionsScreening" name="test_decision_engine_thresholds" time="0.008" /><testcase classname="tests.integration.test_e2e_sanctions_screening.TestE2ESanctionsScreening" name="test_metrics_collection" time="0.004" /><testcase classname="tests.integration.test_e2e_sanctions_screening.TestE2ESanctionsScreening" name="test_performance_benchmarks" time="0.013" /><testcase classname="tests.integration.test_e2e_sanctions_screening.TestE2ESanctionsScreening" name="test_golden_dataset_stability" time="0.004"><failure message="AssertionError: assert None == 'ООО'&#10; +  where None = &lt;ai_service.layers.signals.signals_service.OrgObj object at 0x16bbc3e00&gt;.legal_form">self = &lt;tests.integration.test_e2e_sanctions_screening.TestE2ESanctionsScreening object at 0x13fa14750&gt;
orchestrator = &lt;ai_service.core.unified_orchestrator.UnifiedOrchestrator object at 0x16bbc12b0&gt;

    @pytest.mark.asyncio
    async def test_golden_dataset_stability(self, orchestrator):
        """
        Тест стабильности на золотом наборе данных
        Результаты должны быть воспроизводимыми между запусками
        """
        golden_cases = [
            {
                "text": "Иванов Сергей Петрович д.р. 15.03.1985",
                "expected_persons": 1,
                "expected_normalized": "Иванов Сергей Петрович",
                "expected_language": "ru",
                "expected_dates": 1
            },
            {
                "text": 'ООО "Рога и Копыта" ИНН 7701123456',
                "expected_organizations": 1,
                "expected_legal_form": "ООО",
                "expected_language": "ru",
                "expected_inn": "7701123456"
            },
            {
                "text": "John Smith, born 1985-03-15",
                "expected_persons": 1,
                "expected_language": "en",
                "expected_dates": 1
            }
        ]
    
        for case in golden_cases:
            result = await orchestrator.process(
                text=case["text"],
                remove_stop_words=True,
                preserve_names=True,
                enable_advanced_features=True
            )
    
            assert result.success is True
            assert result.language == case["expected_language"]
    
            if "expected_persons" in case:
                assert len(result.signals.persons) &gt;= case["expected_persons"]
    
            if "expected_organizations" in case:
                assert len(result.signals.organizations) &gt;= case["expected_organizations"]
    
            if "expected_legal_form" in case:
                org = result.signals.organizations[0]
&gt;               assert org.legal_form == case["expected_legal_form"]
E               AssertionError: assert None == 'ООО'
E                +  where None = &lt;ai_service.layers.signals.signals_service.OrgObj object at 0x16bbc3e00&gt;.legal_form

tests/integration/test_e2e_sanctions_screening.py:395: AssertionError</failure></testcase><testcase classname="tests.integration.test_embeddings_multilingual.TestMultilingualEmbeddings" name="test_name_variants_similarity" time="4.976" /><testcase classname="tests.integration.test_embeddings_multilingual.TestMultilingualEmbeddings" name="test_organization_names_similarity" time="3.371" /><testcase classname="tests.integration.test_embeddings_multilingual.TestMultilingualEmbeddings" name="test_unrelated_strings_low_similarity" time="4.164" /><testcase classname="tests.integration.test_embeddings_multilingual.TestMultilingualEmbeddings" name="test_mixed_script_names" time="5.575" /><testcase classname="tests.integration.test_embeddings_multilingual.TestMultilingualEmbeddings" name="test_common_names_different_languages" time="6.279" /><testcase classname="tests.integration.test_embeddings_multilingual.TestMultilingualEmbeddings" name="test_organization_variants" time="4.420" /><testcase classname="tests.integration.test_embeddings_multilingual.TestMultilingualEmbeddings" name="test_embedding_dimensions_consistency" time="5.327" /><testcase classname="tests.integration.test_embeddings_multilingual.TestMultilingualEmbeddings" name="test_preprocessing_effectiveness" time="4.929" /><testcase classname="tests.integration.test_full_normalization_suite" name="test_ukrainian_full_normalization[\u041e\u043f\u043b\u0430\u0442\u0430 \u0437\u0430 \u043f\u043e\u0441\u043b\u0443\u0433\u0438, \u043f\u043b\u0430\u0442\u043d\u0438\u043a \u041f\u0435\u0442\u0440\u0438\u043a \u041f.-\u041f\u0435\u0442\u0440\u043e \u041f.]" time="1.404" /><testcase classname="tests.integration.test_full_normalization_suite" name="test_ukrainian_full_normalization[\u0414\u043b\u044f \u041f\u0435\u0442\u0440\u0443\u0441\u044f \u0406\u0432\u0430\u043d\u043e\u0432\u0430, \u0437\u0430 \u0440\u0435\u043c\u043e\u043d\u0442-\u041f\u0435\u0442\u0440\u043e \u0406\u0432\u0430\u043d\u043e\u0432]" time="0.065" /><testcase classname="tests.integration.test_full_normalization_suite" name="test_ukrainian_full_normalization[\u041f\u0435\u0440\u0435\u043a\u0430\u0437 \u0432\u0456\u0434 \u0412\u043e\u0432\u0447\u0438\u043a\u0430 \u0417\u0435\u043b\u0435\u043d\u0441\u044c\u043a\u043e\u0433\u043e \u0412. \u041e.-\u0412\u043e\u043b\u043e\u0434\u0438\u043c\u0438\u0440 \u0417\u0435\u043b\u0435\u043d\u0441\u044c\u043a\u0438\u0439 \u0412. \u041e.]" time="2.848" /><testcase classname="tests.integration.test_full_normalization_suite" name="test_ukrainian_full_normalization[\u041f\u043e\u0434\u0430\u0440\u0443\u043d\u043e\u043a \u0434\u043b\u044f \u0414\u0430\u0448\u0435\u043d\u044c\u043a\u0438 \u041a\u0432\u0456\u0442\u043a\u043e\u0432\u043e\u0457-\u0414\u0430\u0440\u0456\u044f \u041a\u0432\u0456\u0442\u043a\u043e\u0432\u0430]" time="0.053" /><testcase classname="tests.integration.test_full_normalization_suite" name="test_ukrainian_full_normalization[\u0412\u0456\u0434 \u0421\u0430\u0448\u043a\u0430 \u041f\u043e\u043b\u043e\u0436\u0438\u043d\u0441\u044c\u043a\u043e\u0433\u043e \u0437\u0430 \u043a\u0432\u0438\u0442\u043a\u0438-\u041e\u043b\u0435\u043a\u0441\u0430\u043d\u0434\u0440 \u041f\u043e\u043b\u043e\u0436\u0438\u043d\u0441\u044c\u043a\u0438\u0439]" time="0.090" /><testcase classname="tests.integration.test_full_normalization_suite" name="test_ukrainian_full_normalization[\u0414\u043b\u044f \u0416\u0435\u043d\u0456 \u0413\u0430\u043b\u0438\u0447\u0430 \u0437 \u0433\u0440\u0443\u043f\u0438 O.Torvald-\u0404\u0432\u0433\u0435\u043d \u0413\u0430\u043b\u0438\u0447]" time="0.132"><failure message="AssertionError: Ожидалось: {'галич', 'євген'}, получено: {'з.', 'галич', 'євген'}&#10;assert {'галич', 'євген'} == {'галич', 'з.', 'євген'}&#10;  &#10;  Extra items in the right set:&#10;  'з.'&#10;  Use -v to get more diff">normalization_service = &lt;ai_service.layers.normalization.normalization_service.NormalizationService object at 0x16cb4f020&gt;
input_text = 'Для Жені Галича з групи O.Torvald', expected_name = 'Євген Галич'

    @pytest.mark.parametrize("input_text, expected_name", ukrainian_test_cases)
    def test_ukrainian_full_normalization(normalization_service, input_text, expected_name):
        """Проверяет полную нормализацию украинских имен."""
        result = normalization_service.normalize(input_text, language="uk")
&gt;       assert_normalized_name(result, expected_name)

tests/integration/test_full_normalization_suite.py:70: 
_ _ _ _ _ _ _ _ _ _ _ _ _ _ _ _ _ _ _ _ _ _ _ _ _ _ _ _ _ _ _ _ _ _ _ _ _ _ _ _ 

result = NormalizationResult(normalized='Євген Галич З.', tokens=['Євген', 'Галич', 'З.'], trace=[TokenTrace(token='Жені', role...re_female': 0, 'score_male': 3, 'gap': 3}}], person_gender=None, gender_confidence=None, organizations=[], org_core='')
expected_name = 'Євген Галич'

    def assert_normalized_name(result, expected_name):
        """
        Сравнивает нормализованный результат с ожидаемым именем.
        Игнорирует регистр, лишние пробелы и порядок слов.
        Требует точного совпадения наборов токенов.
        """
        # Приводим ожидаемый результат к набору слов в нижнем регистре
        expected_parts = set(expected_name.lower().split())
    
        # Получаем реальные токены из результата
        actual_tokens = {token.lower() for token in result.tokens if token.strip()}
    
        # Проверяем, что наборы токенов в точности совпадают
&gt;       assert expected_parts == actual_tokens, \
            f"Ожидалось: {expected_parts}, получено: {actual_tokens}"
E       AssertionError: Ожидалось: {'галич', 'євген'}, получено: {'з.', 'галич', 'євген'}
E       assert {'галич', 'євген'} == {'галич', 'з.', 'євген'}
E         
E         Extra items in the right set:
E         'з.'
E         Use -v to get more diff

tests/integration/test_full_normalization_suite.py:38: AssertionError</failure></testcase><testcase classname="tests.integration.test_full_normalization_suite" name="test_ukrainian_full_normalization[\u0414\u044f\u043a\u0443\u0454\u043c\u043e \u0421\u0435\u0440\u0433\u0456\u0454\u0432\u0456 \u0416\u0430\u0434\u0430\u043d\u0443 \u0437\u0430 \u0442\u0432\u043e\u0440\u0447\u0456\u0441\u0442\u044c-\u0421\u0435\u0440\u0433\u0456\u0439 \u0416\u0430\u0434\u0430\u043d]" time="0.121" /><testcase classname="tests.integration.test_full_normalization_suite" name="test_ukrainian_full_normalization[\u0417\u0443\u0441\u0442\u0440\u0456\u0447 \u0437 \u041b\u0456\u043d\u043e\u044e \u041a\u043e\u0441\u0442\u0435\u043d\u043a\u043e-\u041b\u0456\u043d\u0430 \u041a\u043e\u0441\u0442\u0435\u043d\u043a\u043e]" time="0.103"><failure message="AssertionError: Ожидалось: {'костенко', 'ліна'}, получено: {'костенко', 'з.', 'ліна'}&#10;assert {'костенко', 'ліна'} == {'з.', 'костенко', 'ліна'}&#10;  &#10;  Extra items in the right set:&#10;  'з.'&#10;  Use -v to get more diff">normalization_service = &lt;ai_service.layers.normalization.normalization_service.NormalizationService object at 0x16bcf8e50&gt;
input_text = 'Зустріч з Ліною Костенко', expected_name = 'Ліна Костенко'

    @pytest.mark.parametrize("input_text, expected_name", ukrainian_test_cases)
    def test_ukrainian_full_normalization(normalization_service, input_text, expected_name):
        """Проверяет полную нормализацию украинских имен."""
        result = normalization_service.normalize(input_text, language="uk")
&gt;       assert_normalized_name(result, expected_name)

tests/integration/test_full_normalization_suite.py:70: 
_ _ _ _ _ _ _ _ _ _ _ _ _ _ _ _ _ _ _ _ _ _ _ _ _ _ _ _ _ _ _ _ _ _ _ _ _ _ _ _ 

result = NormalizationResult(normalized='З. Ліна Костенко', tokens=['З.', 'Ліна', 'Костенко'], trace=[TokenTrace(token='з', rol...re_female': 0, 'score_male': 0, 'gap': 0}}], person_gender=None, gender_confidence=None, organizations=[], org_core='')
expected_name = 'Ліна Костенко'

    def assert_normalized_name(result, expected_name):
        """
        Сравнивает нормализованный результат с ожидаемым именем.
        Игнорирует регистр, лишние пробелы и порядок слов.
        Требует точного совпадения наборов токенов.
        """
        # Приводим ожидаемый результат к набору слов в нижнем регистре
        expected_parts = set(expected_name.lower().split())
    
        # Получаем реальные токены из результата
        actual_tokens = {token.lower() for token in result.tokens if token.strip()}
    
        # Проверяем, что наборы токенов в точности совпадают
&gt;       assert expected_parts == actual_tokens, \
            f"Ожидалось: {expected_parts}, получено: {actual_tokens}"
E       AssertionError: Ожидалось: {'костенко', 'ліна'}, получено: {'костенко', 'з.', 'ліна'}
E       assert {'костенко', 'ліна'} == {'з.', 'костенко', 'ліна'}
E         
E         Extra items in the right set:
E         'з.'
E         Use -v to get more diff

tests/integration/test_full_normalization_suite.py:38: AssertionError</failure></testcase><testcase classname="tests.integration.test_full_normalization_suite" name="test_ukrainian_full_normalization[\u041f\u043e\u0434\u0430\u0440\u0443\u043d\u043e\u043a \u0434\u043b\u044f \u041e\u043a\u0441\u0430\u043d\u0438 \u0417\u0430\u0431\u0443\u0436\u043a\u043e-\u041e\u043a\u0441\u0430\u043d\u0430 \u0417\u0430\u0431\u0443\u0436\u043a\u043e]" time="0.139" /><testcase classname="tests.integration.test_full_normalization_suite" name="test_ukrainian_full_normalization[\u0420\u043e\u0437\u043c\u043e\u0432\u043b\u044f\u0432 \u0437 \u0412\u0430\u043b\u0435\u0440\u0456\u0454\u043c \u0417\u0430\u043b\u0443\u0436\u043d\u0438\u043c-\u0412\u0430\u043b\u0435\u0440\u0456\u0439 \u0417\u0430\u043b\u0443\u0436\u043d\u0438\u0439]" time="0.086"><failure message="AssertionError: Ожидалось: {'залужний', 'валерій'}, получено: {'валерій', 'залужний', 'з.'}&#10;assert {'валерій', 'залужний'} == {'валерій', 'з.', 'залужний'}&#10;  &#10;  Extra items in the right set:&#10;  'з.'&#10;  Use -v to get more diff">normalization_service = &lt;ai_service.layers.normalization.normalization_service.NormalizationService object at 0x306eff890&gt;
input_text = 'Розмовляв з Валерієм Залужним', expected_name = 'Валерій Залужний'

    @pytest.mark.parametrize("input_text, expected_name", ukrainian_test_cases)
    def test_ukrainian_full_normalization(normalization_service, input_text, expected_name):
        """Проверяет полную нормализацию украинских имен."""
        result = normalization_service.normalize(input_text, language="uk")
&gt;       assert_normalized_name(result, expected_name)

tests/integration/test_full_normalization_suite.py:70: 
_ _ _ _ _ _ _ _ _ _ _ _ _ _ _ _ _ _ _ _ _ _ _ _ _ _ _ _ _ _ _ _ _ _ _ _ _ _ _ _ 

result = NormalizationResult(normalized='З. Валерій Залужний', tokens=['З.', 'Валерій', 'Залужний'], trace=[TokenTrace(token='з...re_female': 0, 'score_male': 3, 'gap': 3}}], person_gender=None, gender_confidence=None, organizations=[], org_core='')
expected_name = 'Валерій Залужний'

    def assert_normalized_name(result, expected_name):
        """
        Сравнивает нормализованный результат с ожидаемым именем.
        Игнорирует регистр, лишние пробелы и порядок слов.
        Требует точного совпадения наборов токенов.
        """
        # Приводим ожидаемый результат к набору слов в нижнем регистре
        expected_parts = set(expected_name.lower().split())
    
        # Получаем реальные токены из результата
        actual_tokens = {token.lower() for token in result.tokens if token.strip()}
    
        # Проверяем, что наборы токенов в точности совпадают
&gt;       assert expected_parts == actual_tokens, \
            f"Ожидалось: {expected_parts}, получено: {actual_tokens}"
E       AssertionError: Ожидалось: {'залужний', 'валерій'}, получено: {'валерій', 'залужний', 'з.'}
E       assert {'валерій', 'залужний'} == {'валерій', 'з.', 'залужний'}
E         
E         Extra items in the right set:
E         'з.'
E         Use -v to get more diff

tests/integration/test_full_normalization_suite.py:38: AssertionError</failure></testcase><testcase classname="tests.integration.test_full_normalization_suite" name="test_ukrainian_full_normalization[\u041f\u043b\u0442\u0456\u0436 \u0432\u0456\u0434 \u0412'\u044f\u0447\u0435\u0441\u043b\u0430\u0432\u0430 \u0432\u0430\u043a\u0430\u0440\u0447\u0443\u043a\u0430 (\u043e\u043a\u0435\u0430\u043d \u0435\u043b\u044c\u0437\u0438)-\u0412'\u044f\u0447\u0435\u0441\u043b\u0430\u0432 \u0412\u0430\u043a\u0430\u0440\u0447\u0443\u043a]" time="0.083" /><testcase classname="tests.integration.test_full_normalization_suite" name="test_ukrainian_full_normalization[\u041f\u0435\u0440\u0435\u043a\u0430\u0437 \u041e\u041b\u0415\u0413\u0423 \u0421\u041a\u0420\u0418\u041f\u0426\u0406-\u041e\u043b\u0435\u0433 \u0421\u043a\u0440\u0438\u043f\u043a\u0430]" time="0.792" /><testcase classname="tests.integration.test_full_normalization_suite" name="test_ukrainian_full_normalization[\u0414\u043b\u044f \u0406\u0432\u0430\u043d\u043e\u0432\u0430-\u041f\u0435\u0442\u0440\u0435\u043d\u043a\u0430 \u0421.\u0412.-\u0406\u0432\u0430\u043d\u043e\u0432-\u041f\u0435\u0442\u0440\u0435\u043d\u043a\u043e \u0421. \u0412.]" time="0.049" /><testcase classname="tests.integration.test_full_normalization_suite" name="test_russian_full_normalization[\u041f\u0435\u0440\u0435\u0432\u043e\u0434 \u043e\u0442 \u0421\u0430\u0448\u0438 \u041f\u0443\u0448\u043a\u0438\u043d\u0430 \u0410\u043b\u0435\u043a\u0441\u0430\u043d\u0434\u0440\u043e\u0432\u0438\u0447\u0430-\u0410\u043b\u0435\u043a\u0441\u0430\u043d\u0434\u0440 \u041f\u0443\u0448\u043a\u0438\u043d \u0410\u043b\u0435\u043a\u0441\u0430\u043d\u0434\u0440\u043e\u0432\u0438\u0447]" time="0.061" /><testcase classname="tests.integration.test_full_normalization_suite" name="test_russian_full_normalization[\u041e\u043f\u043b\u0430\u0442\u0430 \u0434\u043b\u044f \u0412\u043e\u043b\u043e\u0434\u0438 \u0412\u044b\u0441\u043e\u0446\u043a\u043e\u0433\u043e-\u0412\u043b\u0430\u0434\u0438\u043c\u0438\u0440 \u0412\u044b\u0441\u043e\u0446\u043a\u0438\u0439]" time="0.117" /><testcase classname="tests.integration.test_full_normalization_suite" name="test_russian_full_normalization[\u041f\u043b\u0430\u0442\u0451\u0436 \u043e\u0442 \u0414\u0438\u043c\u044b \u041c\u0435\u0434\u0432\u0435\u0434\u0435\u0432\u0430-\u0414\u043c\u0438\u0442\u0440\u0438\u0439 \u041c\u0435\u0434\u0432\u0435\u0434\u0435\u0432]" time="0.074" /><testcase classname="tests.integration.test_full_normalization_suite" name="test_russian_full_normalization[\u0414\u043b\u044f \u0410\u043b\u043b\u044b \u0411\u043e\u0440\u0438\u0441\u043e\u0432\u043d\u044b \u041f\u0443\u0433\u0430\u0447\u0435\u0432\u043e\u0439-\u0410\u043b\u043b\u0430 \u0411\u043e\u0440\u0438\u0441\u043e\u0432\u043d\u0430 \u041f\u0443\u0433\u0430\u0447\u0435\u0432\u0430]" time="0.093"><failure message="AssertionError: Ожидалось: {'пугачева', 'алла', 'борисовна'}, получено: {'пугачев', 'аллы', 'борисовн'}&#10;assert {'алла', 'бор...', 'пугачева'} == {'аллы', 'бор...н', 'пугачев'}&#10;  &#10;  Extra items in the left set:&#10;  'пугачева'&#10;  'алла'&#10;  'борисовна'&#10;  Extra items in the right set:&#10;  'пугачев'...&#10;  &#10;  ...Full output truncated (3 lines hidden), use '-vv' to show">normalization_service = &lt;ai_service.layers.normalization.normalization_service.NormalizationService object at 0x345f21d30&gt;
input_text = 'Для Аллы Борисовны Пугачевой'
expected_name = 'Алла Борисовна Пугачева'

    @pytest.mark.parametrize("input_text, expected_name", russian_test_cases)
    def test_russian_full_normalization(normalization_service, input_text, expected_name):
        """Проверяет полную нормализацию русских имен."""
        result = normalization_service.normalize(input_text, language="ru")
&gt;       assert_normalized_name(result, expected_name)

tests/integration/test_full_normalization_suite.py:97: 
_ _ _ _ _ _ _ _ _ _ _ _ _ _ _ _ _ _ _ _ _ _ _ _ _ _ _ _ _ _ _ _ _ _ _ _ _ _ _ _ 

result = NormalizationResult(normalized='Аллы Борисовн Пугачев', tokens=['Аллы', 'Борисовн', 'Пугачев'], trace=[TokenTrace(toke...re_female': 0, 'score_male': 2, 'gap': 2}}], person_gender=None, gender_confidence=None, organizations=[], org_core='')
expected_name = 'Алла Борисовна Пугачева'

    def assert_normalized_name(result, expected_name):
        """
        Сравнивает нормализованный результат с ожидаемым именем.
        Игнорирует регистр, лишние пробелы и порядок слов.
        Требует точного совпадения наборов токенов.
        """
        # Приводим ожидаемый результат к набору слов в нижнем регистре
        expected_parts = set(expected_name.lower().split())
    
        # Получаем реальные токены из результата
        actual_tokens = {token.lower() for token in result.tokens if token.strip()}
    
        # Проверяем, что наборы токенов в точности совпадают
&gt;       assert expected_parts == actual_tokens, \
            f"Ожидалось: {expected_parts}, получено: {actual_tokens}"
E       AssertionError: Ожидалось: {'пугачева', 'алла', 'борисовна'}, получено: {'пугачев', 'аллы', 'борисовн'}
E       assert {'алла', 'бор...', 'пугачева'} == {'аллы', 'бор...н', 'пугачев'}
E         
E         Extra items in the left set:
E         'пугачева'
E         'алла'
E         'борисовна'
E         Extra items in the right set:
E         'пугачев'...
E         
E         ...Full output truncated (3 lines hidden), use '-vv' to show

tests/integration/test_full_normalization_suite.py:38: AssertionError</failure></testcase><testcase classname="tests.integration.test_full_normalization_suite" name="test_russian_full_normalization[\u0411\u043b\u0430\u0433\u043e\u0434\u0430\u0440\u043d\u043e\u0441\u0442\u044c \u041f\u0435\u0442\u0440\u0443 \u0427\u0430\u0439\u043a\u043e\u0432\u0441\u043a\u043e\u043c\u0443-\u041f\u0435\u0442\u0440 \u0427\u0430\u0439\u043a\u043e\u0432\u0441\u043a\u0438\u0439]" time="0.071"><failure message="AssertionError: Ожидалось: {'чайковский', 'петр'}, получено: {'чайковском', 'петр'}&#10;assert {'петр', 'чайковский'} == {'петр', 'чайковском'}&#10;  &#10;  Extra items in the left set:&#10;  'чайковский'&#10;  Extra items in the right set:&#10;  'чайковском'&#10;  Use -v to get more diff">normalization_service = &lt;ai_service.layers.normalization.normalization_service.NormalizationService object at 0x306225860&gt;
input_text = 'Благодарность Петру Чайковскому'
expected_name = 'Петр Чайковский'

    @pytest.mark.parametrize("input_text, expected_name", russian_test_cases)
    def test_russian_full_normalization(normalization_service, input_text, expected_name):
        """Проверяет полную нормализацию русских имен."""
        result = normalization_service.normalize(input_text, language="ru")
&gt;       assert_normalized_name(result, expected_name)

tests/integration/test_full_normalization_suite.py:97: 
_ _ _ _ _ _ _ _ _ _ _ _ _ _ _ _ _ _ _ _ _ _ _ _ _ _ _ _ _ _ _ _ _ _ _ _ _ _ _ _ 

result = NormalizationResult(normalized='Петр Чайковском', tokens=['Петр', 'Чайковском'], trace=[TokenTrace(token='Петру', role...re_female': 0, 'score_male': 3, 'gap': 3}}], person_gender=None, gender_confidence=None, organizations=[], org_core='')
expected_name = 'Петр Чайковский'

    def assert_normalized_name(result, expected_name):
        """
        Сравнивает нормализованный результат с ожидаемым именем.
        Игнорирует регистр, лишние пробелы и порядок слов.
        Требует точного совпадения наборов токенов.
        """
        # Приводим ожидаемый результат к набору слов в нижнем регистре
        expected_parts = set(expected_name.lower().split())
    
        # Получаем реальные токены из результата
        actual_tokens = {token.lower() for token in result.tokens if token.strip()}
    
        # Проверяем, что наборы токенов в точности совпадают
&gt;       assert expected_parts == actual_tokens, \
            f"Ожидалось: {expected_parts}, получено: {actual_tokens}"
E       AssertionError: Ожидалось: {'чайковский', 'петр'}, получено: {'чайковском', 'петр'}
E       assert {'петр', 'чайковский'} == {'петр', 'чайковском'}
E         
E         Extra items in the left set:
E         'чайковский'
E         Extra items in the right set:
E         'чайковском'
E         Use -v to get more diff

tests/integration/test_full_normalization_suite.py:38: AssertionError</failure></testcase><testcase classname="tests.integration.test_full_normalization_suite" name="test_russian_full_normalization[\u0412\u0441\u0442\u0440\u0435\u0447\u0430 \u0441 \u0410\u043d\u043d\u043e\u0439 \u0410\u0445\u043c\u0430\u0442\u043e\u0432\u043e\u0439-\u0410\u043d\u043d\u0430 \u0410\u0445\u043c\u0430\u0442\u043e\u0432\u0430]" time="0.062"><failure message="AssertionError: Ожидалось: {'ахматова', 'анна'}, получено: {'ахматова', 'с.', 'анна'}&#10;assert {'анна', 'ахматова'} == {'анна', 'ахматова', 'с.'}&#10;  &#10;  Extra items in the right set:&#10;  'с.'&#10;  Use -v to get more diff">normalization_service = &lt;ai_service.layers.normalization.normalization_service.NormalizationService object at 0x306ecddb0&gt;
input_text = 'Встреча с Анной Ахматовой', expected_name = 'Анна Ахматова'

    @pytest.mark.parametrize("input_text, expected_name", russian_test_cases)
    def test_russian_full_normalization(normalization_service, input_text, expected_name):
        """Проверяет полную нормализацию русских имен."""
        result = normalization_service.normalize(input_text, language="ru")
&gt;       assert_normalized_name(result, expected_name)

tests/integration/test_full_normalization_suite.py:97: 
_ _ _ _ _ _ _ _ _ _ _ _ _ _ _ _ _ _ _ _ _ _ _ _ _ _ _ _ _ _ _ _ _ _ _ _ _ _ _ _ 

result = NormalizationResult(normalized='С. Анна Ахматова', tokens=['С.', 'Анна', 'Ахматова'], trace=[TokenTrace(token='с', rol...re_female': 5, 'score_male': 0, 'gap': 5}}], person_gender=None, gender_confidence=None, organizations=[], org_core='')
expected_name = 'Анна Ахматова'

    def assert_normalized_name(result, expected_name):
        """
        Сравнивает нормализованный результат с ожидаемым именем.
        Игнорирует регистр, лишние пробелы и порядок слов.
        Требует точного совпадения наборов токенов.
        """
        # Приводим ожидаемый результат к набору слов в нижнем регистре
        expected_parts = set(expected_name.lower().split())
    
        # Получаем реальные токены из результата
        actual_tokens = {token.lower() for token in result.tokens if token.strip()}
    
        # Проверяем, что наборы токенов в точности совпадают
&gt;       assert expected_parts == actual_tokens, \
            f"Ожидалось: {expected_parts}, получено: {actual_tokens}"
E       AssertionError: Ожидалось: {'ахматова', 'анна'}, получено: {'ахматова', 'с.', 'анна'}
E       assert {'анна', 'ахматова'} == {'анна', 'ахматова', 'с.'}
E         
E         Extra items in the right set:
E         'с.'
E         Use -v to get more diff

tests/integration/test_full_normalization_suite.py:38: AssertionError</failure></testcase><testcase classname="tests.integration.test_full_normalization_suite" name="test_russian_full_normalization[\u041f\u0435\u0440\u0435\u0432\u043e\u0434 \u0441\u0440\u0435\u0434\u0441\u0442\u0432 \u0418\u0432\u0430\u043d\u0443 \u0411\u0443\u043d\u0438\u043d\u0443-\u0418\u0432\u0430\u043d \u0411\u0443\u043d\u0438\u043d]" time="0.057" /><testcase classname="tests.integration.test_full_normalization_suite" name="test_russian_full_normalization[\u041e\u0442\u043f\u0440\u0430\u0432\u043b\u0435\u043d\u043e \u0434\u043b\u044f \u0415\u0441\u0435\u043d\u0438\u043d\u0430 \u0421. \u0410.-\u0415\u0441\u0435\u043d\u0438\u043d \u0421. \u0410.]" time="0.059" /><testcase classname="tests.integration.test_full_normalization_suite" name="test_russian_full_normalization[\u0417\u0430\u0447\u0438\u0441\u043b\u0435\u043d\u0438\u0435 \u043e\u0442 \u041b\u0435\u0440\u043c\u043e\u043d\u0442\u043e\u0432\u0430 \u041c.\u042e.-\u041b\u0435\u0440\u043c\u043e\u043d\u0442\u043e\u0432 \u041c. \u042e.]" time="0.445" /><testcase classname="tests.integration.test_full_normalization_suite" name="test_english_full_normalization[Payment from John Fitzgerald Kennedy-John Fitzgerald Kennedy]" time="0.086" /><testcase classname="tests.integration.test_full_normalization_suite" name="test_english_full_normalization[Transfer to Stephen E. King for services-Stephen E. King]" time="0.087" /><testcase classname="tests.integration.test_full_normalization_suite" name="test_english_full_normalization[For Mr. Sherlock Holmes, Baker st. 221b-Sherlock Holmes]" time="0.065" /><testcase classname="tests.integration.test_full_normalization_suite" name="test_english_full_normalization[Refund to Ms. Joanna Rowling-Joanna Rowling]" time="0.089" /><testcase classname="tests.integration.test_full_normalization_suite" name="test_english_full_normalization[From Bill Gates for charity-William Gates]" time="0.065" /><testcase classname="tests.integration.test_full_normalization_suite" name="test_english_full_normalization[For Liz Truss, former PM-Elizabeth Truss]" time="0.072" /><testcase classname="tests.integration.test_full_normalization_suite" name="test_english_full_normalization[Payment from Mike Johnson-Michael Johnson]" time="0.068" /><testcase classname="tests.integration.test_full_normalization_suite" name="test_english_full_normalization[Sent to ELON MUSK for X corp-Elon Musk]" time="0.064"><failure message="AssertionError: Ожидалось: {'elon', 'musk'}, получено: {'x', 'elon', 'musk'}&#10;assert {'elon', 'musk'} == {'elon', 'musk', 'x'}&#10;  &#10;  Extra items in the right set:&#10;  'x'&#10;  Use -v to get more diff">normalization_service = &lt;ai_service.layers.normalization.normalization_service.NormalizationService object at 0x30620b350&gt;
input_text = 'Sent to ELON MUSK for X corp', expected_name = 'Elon Musk'

    @pytest.mark.parametrize("input_text, expected_name", english_test_cases)
    def test_english_full_normalization(normalization_service, input_text, expected_name):
        """Проверяет полную нормализацию английских имен."""
        result = normalization_service.normalize(input_text, language="en")
&gt;       assert_normalized_name(result, expected_name)

tests/integration/test_full_normalization_suite.py:124: 
_ _ _ _ _ _ _ _ _ _ _ _ _ _ _ _ _ _ _ _ _ _ _ _ _ _ _ _ _ _ _ _ _ _ _ _ _ _ _ _ 

result = NormalizationResult(normalized='Elon Musk X', tokens=['Elon', 'Musk', 'X'], trace=[TokenTrace(token='ELON', role='give...re_female': 0, 'score_male': 0, 'gap': 0}}], person_gender=None, gender_confidence=None, organizations=[], org_core='')
expected_name = 'Elon Musk'

    def assert_normalized_name(result, expected_name):
        """
        Сравнивает нормализованный результат с ожидаемым именем.
        Игнорирует регистр, лишние пробелы и порядок слов.
        Требует точного совпадения наборов токенов.
        """
        # Приводим ожидаемый результат к набору слов в нижнем регистре
        expected_parts = set(expected_name.lower().split())
    
        # Получаем реальные токены из результата
        actual_tokens = {token.lower() for token in result.tokens if token.strip()}
    
        # Проверяем, что наборы токенов в точности совпадают
&gt;       assert expected_parts == actual_tokens, \
            f"Ожидалось: {expected_parts}, получено: {actual_tokens}"
E       AssertionError: Ожидалось: {'elon', 'musk'}, получено: {'x', 'elon', 'musk'}
E       assert {'elon', 'musk'} == {'elon', 'musk', 'x'}
E         
E         Extra items in the right set:
E         'x'
E         Use -v to get more diff

tests/integration/test_full_normalization_suite.py:38: AssertionError</failure></testcase><testcase classname="tests.integration.test_full_normalization_suite" name="test_english_full_normalization[For BARACK H. OBAMA, invoice 123-Barack H. Obama]" time="1.173" /><testcase classname="tests.integration.test_full_normalization_suite" name="test_critical_ukrainian_normalization" time="0.097" /><testcase classname="tests.integration.test_full_normalization_suite" name="test_critical_russian_normalization" time="0.089"><failure message="AssertionError: Expected {'сергей', 'петров', 'владимирович'}, but got {'петров', 'в.', 'сергей', 'владимирович'}&#10;assert {'в.', 'влади...ов', 'сергей'} == {'владимирови...ов', 'сергей'}&#10;  &#10;  Extra items in the left set:&#10;  'в.'&#10;  Use -v to get more diff">normalization_service = &lt;ai_service.layers.normalization.normalization_service.NormalizationService object at 0x16e0cf0d0&gt;

    def test_critical_russian_normalization(normalization_service):
        """Критический тест: Сергея Владимировича Петрова -&gt; Сергей Владимирович Петров"""
        input_text = "Платеж в пользу Сергея Владимировича Петрова"
        result = normalization_service.normalize(input_text, language="ru", remove_stop_words=True)
    
        # Строгие проверки
        assert result.success, f"Normalization failed: {result.errors}"
        assert result.tokens, "No tokens returned"
    
        tokens_lower = {token.lower() for token in result.tokens}
        expected_tokens = {"сергей", "владимирович", "петров"}
    
&gt;       assert tokens_lower == expected_tokens, f"Expected {expected_tokens}, but got {tokens_lower}"
E       AssertionError: Expected {'сергей', 'петров', 'владимирович'}, but got {'петров', 'в.', 'сергей', 'владимирович'}
E       assert {'в.', 'влади...ов', 'сергей'} == {'владимирови...ов', 'сергей'}
E         
E         Extra items in the left set:
E         'в.'
E         Use -v to get more diff

tests/integration/test_full_normalization_suite.py:160: AssertionError</failure></testcase><testcase classname="tests.integration.test_gender_adjustment.TestGenderAdjustmentIntegration" name="test_ukrainian_female_name_with_patronymic" time="0.081"><failure message="AssertionError: assert ['Павлов', 'Дарʼї', 'Юріївна'] == ['Павлов', 'Дарʼя', 'Юріївна']&#10;  &#10;  At index 1 diff: 'Дарʼї' != 'Дарʼя'&#10;  Use -v to get more diff">self = &lt;tests.integration.test_gender_adjustment.TestGenderAdjustmentIntegration object at 0x13fab07d0&gt;

    def test_ukrainian_female_name_with_patronymic(self):
        """Test Ukrainian female name with patronymic - should adjust surname to feminine."""
        text = "оплата за комунальні послуги Павлової Дарʼї Юріївни"
        result = self.service.normalize_sync(text)
    
        assert result.success
        assert len(result.persons) == 1
    
        person = result.persons[0]
        # Note: Дарʼя is not in Ukrainian names dictionary, so it's tagged as surname
&gt;       assert person["tokens"] == ["Павлов", "Дарʼя", "Юріївна"]
E       AssertionError: assert ['Павлов', 'Дарʼї', 'Юріївна'] == ['Павлов', 'Дарʼя', 'Юріївна']
E         
E         At index 1 diff: 'Дарʼї' != 'Дарʼя'
E         Use -v to get more diff

tests/integration/test_gender_adjustment.py:32: AssertionError</failure></testcase><testcase classname="tests.integration.test_gender_adjustment.TestGenderAdjustmentIntegration" name="test_russian_male_name_with_patronymic" time="0.095" /><testcase classname="tests.integration.test_gender_adjustment.TestGenderAdjustmentIntegration" name="test_russian_female_name_only" time="0.140" /><testcase classname="tests.integration.test_gender_adjustment.TestGenderAdjustmentIntegration" name="test_russian_male_dative_case" time="0.085" /><testcase classname="tests.integration.test_gender_adjustment.TestGenderAdjustmentIntegration" name="test_ukrainian_invariant_surname_kovalenko" time="0.108" /><testcase classname="tests.integration.test_gender_adjustment.TestGenderAdjustmentIntegration" name="test_ukrainian_invariant_surname_sushko" time="0.081" /><testcase classname="tests.integration.test_gender_adjustment.TestGenderAdjustmentIntegration" name="test_ukrainian_invariant_surname_lemish" time="1.477" /><testcase classname="tests.integration.test_gender_adjustment.TestGenderAdjustmentIntegration" name="test_surname_only_without_name" time="0.192" /><testcase classname="tests.integration.test_gender_adjustment.TestGenderAdjustmentIntegration" name="test_multiple_persons_with_different_genders" time="0.141" /><testcase classname="tests.integration.test_gender_adjustment.TestGenderAdjustmentIntegration" name="test_confidence_gap_boundary_cases" time="0.170" /><testcase classname="tests.integration.test_gender_adjustment.TestGenderAdjustmentIntegration" name="test_trace_information_completeness" time="0.093" /><testcase classname="tests.integration.test_lang_in_results.TestLanguageInResults" name="test_russian_language_in_results" time="0.172" /><testcase classname="tests.integration.test_lang_in_results.TestLanguageInResults" name="test_ukrainian_language_in_results" time="0.008" /><testcase classname="tests.integration.test_lang_in_results.TestLanguageInResults" name="test_english_language_in_results" time="0.004" /><testcase classname="tests.integration.test_lang_in_results.TestLanguageInResults" name="test_mixed_language_in_results" time="0.005" /><testcase classname="tests.integration.test_lang_in_results.TestLanguageInResults" name="test_unknown_language_in_results" time="0.003" /><testcase classname="tests.integration.test_lang_in_results.TestLanguageInResults" name="test_confidence_range_validation" time="0.007" /><testcase classname="tests.integration.test_lang_in_results.TestLanguageInResults" name="test_normalization_result_language_fields" time="0.000" /><testcase classname="tests.integration.test_lang_in_results.TestLanguageInResults" name="test_processing_result_language_fields" time="0.000" /><testcase classname="tests.integration.test_lang_order_unicode_first.TestUnicodeFirstLanguageDetectionOrder" name="test_unicode_normalization_before_language_detection" time="0.029"><failure message="AssertionError: Expected 'normalize_unicode' to be called once. Called 0 times.">self = &lt;tests.integration.test_lang_order_unicode_first.TestUnicodeFirstLanguageDetectionOrder object at 0x13fab0e10&gt;
orchestrator = &lt;ai_service.core.unified_orchestrator.UnifiedOrchestrator object at 0x30ac71e10&gt;

    def test_unicode_normalization_before_language_detection(self, orchestrator):
        """
        Test that Unicode normalization is called before language detection
        """
        # Test text with mixed Unicode forms and accents
        test_text = "Платеж Иванову"  # Russian text
    
        # Mock unicode service to return normalized text
        unicode_result = {
            "normalized": "Платеж Иванову",  # Normalized version
            "confidence": 0.95,
            "changes_count": 0,
            "char_replacements": 0
        }
        async def mock_normalize_unicode(text):
            return unicode_result
    
        orchestrator.unicode_service.normalize_unicode = Mock(side_effect=mock_normalize_unicode)
    
        # Mock language service to return detection result
        lang_result = {
            "language": "ru",
            "confidence": 0.8,
            "method": "config_driven"
        }
        orchestrator.language_service.detect_language = Mock(return_value=lang_result)
    
        # Mock other services
        async def mock_validate_and_sanitize(text):
            return {
                "sanitized_text": test_text,
                "is_valid": True,
                "should_process": True,
                "errors": []
            }
    
        orchestrator.validation_service.validate_and_sanitize = Mock(side_effect=mock_validate_and_sanitize)
    
        async def mock_normalize_async(text, **kwargs):
            return Mock(
                success=True,
                tokens=["платеж", "иванову"],
                confidence=0.9
            )
    
        orchestrator.normalization_service.normalize_async = Mock(side_effect=mock_normalize_async)
    
        async def mock_extract_async(text, normalization_result):
            return Mock(
                confidence=0.8,
                persons=[],
                organizations=[]
            )
    
        orchestrator.signals_service.extract_async = Mock(side_effect=mock_extract_async)
    
        # Run the orchestrator
        import asyncio
        result = asyncio.run(orchestrator.process(test_text))
    
        # Verify unicode normalization was called first
&gt;       orchestrator.unicode_service.normalize_unicode.assert_called_once_with(test_text)

tests/integration/test_lang_order_unicode_first.py:109: 
_ _ _ _ _ _ _ _ _ _ _ _ _ _ _ _ _ _ _ _ _ _ _ _ _ _ _ _ _ _ _ _ _ _ _ _ _ _ _ _ 

self = &lt;Mock name='mock.normalize_unicode' id='13066107072'&gt;
args = ('Платеж Иванову',), kwargs = {}
msg = "Expected 'normalize_unicode' to be called once. Called 0 times."

    def assert_called_once_with(self, /, *args, **kwargs):
        """assert that the mock was called exactly once and that that call was
        with the specified arguments."""
        if not self.call_count == 1:
            msg = ("Expected '%s' to be called once. Called %s times.%s"
                   % (self._mock_name or 'mock',
                      self.call_count,
                      self._calls_repr()))
&gt;           raise AssertionError(msg)
E           AssertionError: Expected 'normalize_unicode' to be called once. Called 0 times.

/opt/homebrew/Cellar/python@3.13/3.13.7/Frameworks/Python.framework/Versions/3.13/lib/python3.13/unittest/mock.py:990: AssertionError</failure></testcase><testcase classname="tests.integration.test_lang_order_unicode_first.TestUnicodeFirstLanguageDetectionOrder" name="test_mixed_unicode_forms_detection" time="0.010" /><testcase classname="tests.integration.test_lang_order_unicode_first.TestUnicodeFirstLanguageDetectionOrder" name="test_unicode_idempotency_protection" time="0.000" /><testcase classname="tests.integration.test_lang_order_unicode_first.TestUnicodeFirstLanguageDetectionOrder" name="test_diacritics_normalization_stability" time="0.003" /><testcase classname="tests.integration.test_lang_order_unicode_first.TestUnicodeFirstLanguageDetectionOrder" name="test_orchestrator_call_order_verification" time="0.003"><failure message="AssertionError: assert 'unicode' in []">self = &lt;tests.integration.test_lang_order_unicode_first.TestUnicodeFirstLanguageDetectionOrder object at 0x13fae1370&gt;
orchestrator = &lt;ai_service.core.unified_orchestrator.UnifiedOrchestrator object at 0x309afed50&gt;

    def test_orchestrator_call_order_verification(self, orchestrator):
        """
        Test that orchestrator calls services in the correct order
        """
        test_text = "Платеж Иванову"
    
        # Mock all services
        async def mock_normalize_unicode(text):
            return {
                "normalized": test_text,
                "confidence": 0.95
            }
    
        orchestrator.unicode_service.normalize_unicode = mock_normalize_unicode
    
        orchestrator.language_service.detect_language = Mock(return_value={
            "language": "ru",
            "confidence": 0.8
        })
    
        async def mock_normalize_async(text, **kwargs):
            return Mock(
                success=True,
                tokens=["платеж", "иванову"],
                confidence=0.9
            )
    
        orchestrator.normalization_service.normalize_async = mock_normalize_async
    
        async def mock_extract_async(text, normalization_result):
            return Mock(
                confidence=0.8,
                persons=[],
                organizations=[]
            )
    
        orchestrator.signals_service.extract_async = mock_extract_async
    
        async def mock_validate_and_sanitize(text):
            return {
                "sanitized_text": test_text,
                "is_valid": True,
                "should_process": True,
                "errors": []
            }
    
        orchestrator.validation_service.validate_and_sanitize = Mock(side_effect=mock_validate_and_sanitize)
    
        # Track call order
        call_order = []
    
        async def track_unicode_call(*args, **kwargs):
            call_order.append("unicode")
            return {
                "normalized": test_text,
                "confidence": 0.95
            }
    
        def track_lang_call(*args, **kwargs):
            call_order.append("language")
            return {
                "language": "ru",
                "confidence": 0.8
            }
    
        orchestrator.unicode_service.normalize_unicode = Mock(side_effect=track_unicode_call)
        orchestrator.language_service.detect_language = Mock(side_effect=track_lang_call)
    
        # Run orchestrator
        import asyncio
        asyncio.run(orchestrator.process(test_text))
    
        # Verify call order
&gt;       assert "unicode" in call_order
E       AssertionError: assert 'unicode' in []

[...]
        context_words.extend(['може', 'можна', 'можливо', 'ймовірно', 'звичайно'])
        context_words.extend(['так', 'ні', 'можливо'])
    
        for context_word in context_words:
            # Test each context word in a sentence with actual names
            text = f'Іван {context_word} Петро Коваленко'
            result = service.normalize(text, language='uk', preserve_names=True)
    
            # Context word should not appear in normalized output
&gt;           assert context_word not in result.normalized.lower(), f"Context word '{context_word}' should not appear in normalized output: {result.normalized}"
E           AssertionError: Context word 'і' should not appear in normalized output: Іван І. Петро Коваленко
E           assert 'і' not in 'іван і. петро коваленко'
E             
E             'і' is contained here:
E               іван і. петро коваленко
E             ? +

tests/unit/utilities/test_canary_overfit.py:55: AssertionError</failure></testcase><testcase classname="tests.unit.utilities.test_canary_overfit.TestCanaryOverfit" name="test_russian_context_words" time="0.056"><failure message="AssertionError: Context word 'и' should not appear in normalized output: Иван Петр Коваленко&#10;assert 'и' not in 'иван петр коваленко'&#10;  &#10;  'и' is contained here:&#10;    иван петр коваленко&#10;  ? +">self = &lt;tests.unit.utilities.test_canary_overfit.TestCanaryOverfit object at 0x16ba029e0&gt;
service = &lt;ai_service.layers.normalization.normalization_service.NormalizationService object at 0x5c6cca4d0&gt;

    def test_russian_context_words(self, service):
        """Test Russian context words are never treated as names"""
        context_words = ['и', 'или', 'но', 'чтобы', 'как', 'что', 'кто', 'где', 'когда', 'почему']
        context_words.extend(['работают', 'работает', 'работаю', 'работаем', 'работаете', 'работать'])
        context_words.extend(['вместе', 'отдельно', 'здесь', 'там', 'теперь', 'сейчас'])
        context_words.extend(['очень', 'довольно', 'почти', 'совсем', 'полностью', 'частично'])
        context_words.extend(['хорошо', 'плохо', 'лучше', 'хуже', 'лучший', 'худший'])
        context_words.extend(['может', 'можно', 'возможно', 'вероятно', 'обычно'])
        context_words.extend(['да', 'нет', 'возможно'])
    
        for context_word in context_words:
            # Test each context word in a sentence with actual names
            text = f'Иван {context_word} Петр Коваленко'
            result = service.normalize(text, language='ru', preserve_names=True)
    
            # Context word should not appear in normalized output
&gt;           assert context_word not in result.normalized.lower(), f"Context word '{context_word}' should not appear in normalized output: {result.normalized}"
E           AssertionError: Context word 'и' should not appear in normalized output: Иван Петр Коваленко
E           assert 'и' not in 'иван петр коваленко'
E             
E             'и' is contained here:
E               иван петр коваленко
E             ? +

tests/unit/utilities/test_canary_overfit.py:78: AssertionError</failure></testcase><testcase classname="tests.unit.utilities.test_canary_overfit.TestCanaryOverfit" name="test_english_context_words" time="0.054" /><testcase classname="tests.unit.utilities.test_canary_overfit.TestCanaryOverfit" name="test_mixed_language_context_words" time="0.049"><failure message="AssertionError: Context word 'and' should not appear in normalized output: П. І. Коваленко And Петросян Work Together&#10;assert 'and' not in 'п. і. ковал...ork together'&#10;  &#10;  'and' is contained here:&#10;    п. і. коваленко and петросян work together&#10;  ?                 +++">self = &lt;tests.unit.utilities.test_canary_overfit.TestCanaryOverfit object at 0x16baeef90&gt;
service = &lt;ai_service.layers.normalization.normalization_service.NormalizationService object at 0x5ca177e50&gt;

    def test_mixed_language_context_words(self, service):
        """Test mixed language context words are never treated as names"""
        # Test case with mixed Ukrainian and English context words
        text = 'П.І. Коваленко and ТОВ "ПРИВАТБАНК" та Петросян work together разом'
        result = service.normalize(text, language='uk', preserve_names=True)
    
        # Context words should not appear in normalized output
        context_words = ['and', 'та', 'work', 'together', 'разом']
        normalized = result.normalized.lower()
    
        for context_word in context_words:
&gt;           assert context_word not in normalized, f"Context word '{context_word}' should not appear in normalized output: {result.normalized}"
E           AssertionError: Context word 'and' should not appear in normalized output: П. І. Коваленко And Петросян Work Together
E           assert 'and' not in 'п. і. ковал...ork together'
E             
E             'and' is contained here:
E               п. і. коваленко and петросян work together
E             ?                 +++

tests/unit/utilities/test_canary_overfit.py:119: AssertionError</failure></testcase><testcase classname="tests.unit.utilities.test_canary_overfit.TestCanaryOverfit" name="test_positional_heuristics_blocked_for_context_words" time="0.054" /><testcase classname="tests.unit.utilities.test_edge_cases_comprehensive.TestUnicodeServiceEdgeCases" name="test_normalize_text_with_homoglyphs" time="0.000" /><testcase classname="tests.unit.utilities.test_edge_cases_comprehensive.TestUnicodeServiceEdgeCases" name="test_normalize_text_with_zero_width_characters" time="0.000" /><testcase classname="tests.unit.utilities.test_edge_cases_comprehensive.TestUnicodeServiceEdgeCases" name="test_normalize_text_with_surrogate_pairs" time="0.001" /><testcase classname="tests.unit.utilities.test_edge_cases_comprehensive.TestUnicodeServiceEdgeCases" name="test_normalize_text_with_combining_characters" time="0.000" /><testcase classname="tests.unit.utilities.test_edge_cases_comprehensive.TestUnicodeServiceEdgeCases" name="test_normalize_text_with_malformed_utf8" time="0.000" /><testcase classname="tests.unit.utilities.test_edge_cases_comprehensive.TestUnicodeServiceEdgeCases" name="test_normalize_text_with_rtl_text" time="0.000" /><testcase classname="tests.unit.utilities.test_edge_cases_comprehensive.TestLanguageDetectionEdgeCases" name="test_detect_language_very_short_text" time="0.011" /><testcase classname="tests.unit.utilities.test_edge_cases_comprehensive.TestLanguageDetectionEdgeCases" name="test_detect_language_numbers_only" time="0.000" /><testcase classname="tests.unit.utilities.test_edge_cases_comprehensive.TestLanguageDetectionEdgeCases" name="test_detect_language_symbols_only" time="0.000" /><testcase classname="tests.unit.utilities.test_edge_cases_comprehensive.TestLanguageDetectionEdgeCases" name="test_detect_language_mixed_scripts" time="0.005" /><testcase classname="tests.unit.utilities.test_edge_cases_comprehensive.TestLanguageDetectionEdgeCases" name="test_detect_language_code_snippets" time="0.007" /><testcase classname="tests.unit.utilities.test_edge_cases_comprehensive.TestLanguageDetectionEdgeCases" name="test_detect_language_with_html_tags" time="0.009" /><testcase classname="tests.unit.utilities.test_edge_cases_comprehensive.TestCacheServiceEdgeCases" name="test_cache_with_complex_objects" time="0.000" /><testcase classname="tests.unit.utilities.test_edge_cases_comprehensive.TestCacheServiceEdgeCases" name="test_cache_key_collision_with_similar_keys" time="0.000" /><testcase classname="tests.unit.utilities.test_edge_cases_comprehensive.TestCacheServiceEdgeCases" name="test_cache_overflow_handling" time="0.000" /><testcase classname="tests.unit.utilities.test_edge_cases_comprehensive.TestCacheServiceEdgeCases" name="test_cache_with_zero_ttl" time="0.013" /><testcase classname="tests.unit.utilities.test_edge_cases_comprehensive.TestCacheServiceEdgeCases" name="test_cache_with_negative_ttl" time="0.000" /><testcase classname="tests.unit.utilities.test_edge_cases_comprehensive.TestCustomExceptionHandling" name="test_validation_api_error_creation" time="0.000" /><testcase classname="tests.unit.utilities.test_edge_cases_comprehensive.TestCustomExceptionHandling" name="test_validation_api_error_with_details" time="0.000" /><testcase classname="tests.unit.utilities.test_edge_cases_comprehensive.TestCustomExceptionHandling" name="test_internal_server_error_creation" time="0.000" /><testcase classname="tests.unit.utilities.test_edge_cases_comprehensive.TestCustomExceptionHandling" name="test_service_unavailable_error_creation" time="0.000" /><testcase classname="tests.unit.utilities.test_edge_cases_comprehensive.TestCustomExceptionHandling" name="test_exception_chaining" time="0.000" /><testcase classname="tests.unit.utilities.test_edge_cases_comprehensive.TestResourceCleanupAndMemoryManagement" name="test_service_cleanup_on_deletion" time="0.000" /><testcase classname="tests.unit.utilities.test_edge_cases_comprehensive.TestResourceCleanupAndMemoryManagement" name="test_large_object_caching_memory_usage" time="0.000" /><testcase classname="tests.unit.utilities.test_edge_cases_comprehensive.TestResourceCleanupAndMemoryManagement" name="test_concurrent_access_resource_safety" time="0.064" /><testcase classname="tests.unit.utilities.test_flags_ab_strict" name="test_enable_advanced_features_false_no_morph" time="0.055" /><testcase classname="tests.unit.utilities.test_flags_ab_strict" name="test_preserve_names_false_splits_apostrophe" time="0.054" /><testcase classname="tests.unit.utilities.test_flags_ab_strict" name="test_remove_stop_words_false_keeps_stopwords" time="0.046" /><testcase classname="tests.unit.utilities.test_input_validation.TestInputValidator" name="test_valid_text_processing" time="0.002" /><testcase classname="tests.unit.utilities.test_input_validation.TestInputValidator" name="test_homoglyph_replacement" time="0.000"><failure message="AssertionError: assert 'Pаvlоv' == 'Pavlov'&#10;  &#10;  - Pavlov&#10;  + Pаvlоv">self = &lt;tests.unit.utilities.test_input_validation.TestInputValidator object at 0x16ba6fd90&gt;
validator = &lt;src.ai_service.utils.input_validation.InputValidator object at 0x5befd2490&gt;

    def test_homoglyph_replacement(self, validator):
        """Test homoglyph character replacement"""
        # Arrange
        text_with_homoglyphs = "Pаvlоv"  # Contains Cyrillic 'а' and 'о'
    
        # Act
        result = validator.validate_and_sanitize(text_with_homoglyphs, remove_homoglyphs=True)
    
        # Assert
        assert result.is_valid is True
&gt;       assert result.sanitized_text == "Pavlov"  # Should be normalized
        ^^^^^^^^^^^^^^^^^^^^^^^^^^^^^^^^^^^^^^^^
E       AssertionError: assert 'Pаvlоv' == 'Pavlov'
E         
E         - Pavlov
E         + Pаvlоv

tests/unit/utilities/test_input_validation.py:48: AssertionError</failure></testcase><testcase classname="tests.unit.utilities.test_input_validation.TestInputValidator" name="test_zero_width_character_removal" time="0.000" /><testcase classname="tests.unit.utilities.test_input_validation.TestInputValidator" name="test_control_character_removal" time="0.001" /><testcase classname="tests.unit.utilities.test_input_validation.TestInputValidator" name="test_suspicious_pattern_detection" time="0.000" /><testcase classname="tests.unit.utilities.test_input_validation.TestInputValidator" name="test_strict_mode_blocking" time="0.000" /><testcase classname="tests.unit.utilities.test_input_validation.TestInputValidator" name="test_text_length_limiting" time="0.001" /><testcase classname="tests.unit.utilities.test_input_validation.TestInputValidator" name="test_empty_text_handling" time="0.000" /><testcase classname="tests.unit.utilities.test_input_validation.TestInputValidator" name="test_unicode_normalization" time="0.000" /><testcase classname="tests.unit.utilities.test_input_validation.TestInputValidator" name="test_sanctions_input_validation" time="0.000" /><testcase classname="tests.unit.utilities.test_input_validation.TestInputValidator" name="test_sanctions_input_missing_required_field" time="0.000" /><testcase classname="tests.unit.utilities.test_input_validation.TestInputValidator" name="test_sanctions_input_with_malicious_content" time="0.000" /><testcase classname="tests.unit.utilities.test_input_validation.TestInputValidator" name="test_suspicion_analysis_high_zero_width" time="0.000" /><testcase classname="tests.unit.utilities.test_input_validation.TestInputValidator" name="test_suspicion_analysis_high_homoglyph_ratio" time="0.000"><failure message="assert False is True">self = &lt;tests.unit.utilities.test_input_validation.TestInputValidator object at 0x16ba6aa90&gt;
validator = &lt;src.ai_service.utils.input_validation.InputValidator object at 0x5c18881f0&gt;

    def test_suspicion_analysis_high_homoglyph_ratio(self, validator):
        """Test suspicion analysis for high homoglyph ratio"""
        # Arrange
        homoglyph_text = "Nаmе"  # 50% homoglyphs (Cyrillic а, е)
    
        # Act
        analysis = validator.is_text_suspicious(homoglyph_text)
    
        # Assert
&gt;       assert analysis['is_suspicious'] is True
E       assert False is True

tests/unit/utilities/test_input_validation.py:207: AssertionError</failure></testcase><testcase classname="tests.unit.utilities.test_input_validation.TestInputValidator" name="test_non_string_input_raises_error" time="0.000" /><testcase classname="tests.unit.utilities.test_input_validation.TestInputValidator" name="test_whitespace_normalization" time="0.000" /><testcase classname="tests.unit.utilities.test_input_validation.TestInputValidator" name="test_url_encoding_detection" time="0.000" /><testcase classname="tests.unit.utilities.test_input_validation.TestInputValidator" name="test_html_entity_detection" time="0.000" /><testcase classname="tests.unit.utilities.test_input_validation.TestInputValidator" name="test_unicode_normalization_failure" time="0.001" /><testcase classname="tests.unit.utilities.test_input_validation.TestInputValidator" name="test_input_validator_global_instance" time="0.000" /><testcase classname="tests.unit.utilities.test_input_validation.TestValidationResult" name="test_validation_result_creation" time="0.000" /><testcase classname="tests.unit.utilities.test_name_dictionaries_validation.TestNameDictionariesValidation" name="test_russian_names_no_internal_duplicates" time="0.001" /><testcase classname="tests.unit.utilities.test_name_dictionaries_validation.TestNameDictionariesValidation" name="test_ukrainian_names_no_internal_duplicates" time="0.001" /><testcase classname="tests.unit.utilities.test_name_dictionaries_validation.TestNameDictionariesValidation" name="test_english_names_no_internal_duplicates" time="0.000" /><testcase classname="tests.unit.utilities.test_name_dictionaries_validation.TestNameDictionariesValidation" name="test_no_cross_dictionary_duplicates" time="0.000" /><testcase classname="tests.unit.utilities.test_name_dictionaries_validation.TestNameDictionariesValidation" name="test_additional_english_names_consistency" time="0.000" /><testcase classname="tests.unit.utilities.test_name_dictionaries_validation.TestNameDictionariesValidation" name="test_dictionaries_statistics" time="0.000" /><testcase classname="tests.unit.utilities.test_name_dictionaries_validation.TestNameDictionariesValidation" name="test_name_data_structure" time="0.000" /><testcase classname="tests.unit.utilities.test_pattern_service.TestUnifiedPatternService" name="test_unified_pattern_creation" time="0.001" /><testcase classname="tests.unit.utilities.test_pattern_service.TestUnifiedPatternService" name="test_generate_patterns_basic" time="0.001" /><testcase classname="tests.unit.utilities.test_pattern_service.TestUnifiedPatternService" name="test_generate_patterns_empty_text" time="0.000" /><testcase classname="tests.unit.utilities.test_pattern_service.TestUnifiedPatternService" name="test_generate_patterns_ukrainian" time="0.000" /><testcase classname="tests.unit.utilities.test_pattern_service.TestUnifiedPatternService" name="test_generate_patterns_compound_name" time="0.000" /><testcase classname="tests.unit.utilities.test_pattern_service.TestUnifiedPatternService" name="test_pattern_confidence_scoring" time="0.000" /><testcase classname="tests.unit.utilities.test_pattern_service.TestUnifiedPatternService" name="test_pattern_types_variety" time="0.000" /><testcase classname="tests.unit.utilities.test_pattern_service.TestUnifiedPatternService" name="test_pattern_metadata_inclusion" time="0.000" /><testcase classname="tests.unit.utilities.test_pattern_service.TestUnifiedPatternService" name="test_special_characters_handling" time="0.000" /><testcase classname="tests.unit.utilities.test_pattern_service.TestUnifiedPatternService" name="test_case_sensitivity_handling" time="0.000" /><testcase classname="tests.unit.utilities.test_pattern_service.TestUnifiedPatternService" name="test_multilingual_pattern_generation" time="0.001" /><testcase classname="tests.unit.utilities.test_pattern_service.TestUnifiedPatternService" name="test_performance_with_long_names" time="0.000" /><testcase classname="tests.unit.utilities.test_pattern_service.TestUnifiedPatternService" name="test_error_handling_invalid_language" time="0.000" /><testcase classname="tests.unit.utilities.test_pattern_service.TestUnifiedPatternService" name="test_pattern_uniqueness" time="0.000" /><testcase classname="tests.unit.utilities.test_pattern_service.TestUnifiedPatternService" name="test_confidence_ordering" time="0.000" /><testcase classname="tests.unit.utilities.test_pattern_service.TestUnifiedPatternService" name="test_empty_and_whitespace_handling" time="0.000" /><testcase classname="tests.unit.utilities.test_pattern_service.TestUnifiedPatternService" name="test_numeric_and_special_content" time="0.000" /><testcase classname="tests.unit.validation.test_validation_service.TestValidationService" name="test_initialization" time="0.000" /><testcase classname="tests.unit.validation.test_validation_service.TestValidationService" name="test_initialize_success" time="0.001" /><testcase classname="tests.unit.validation.test_validation_service.TestValidationService" name="test_initialize_failure" time="0.001" /><testcase classname="tests.unit.validation.test_validation_service.TestValidationService" name="test_validate_and_sanitize_not_initialized" time="0.000" /><testcase classname="tests.unit.validation.test_validation_service.TestValidationService" name="test_validate_and_sanitize_success" time="0.001" /><testcase classname="tests.unit.validation.test_validation_service.TestValidationService" name="test_validate_and_sanitize_invalid_input" time="0.000" /><testcase classname="tests.unit.validation.test_validation_service.TestValidationService" name="test_validate_and_sanitize_exception_handling" time="0.001" /><testcase classname="tests.unit.validation.test_validation_service.TestValidationService" name="test_validate_and_sanitize_empty_text" time="0.000" /><testcase classname="tests.unit.validation.test_validation_service.TestValidationService" name="test_validate_and_sanitize_long_text" time="0.000" /><testcase classname="tests.unit.validation.test_validation_service.TestValidationService" name="test_validate_and_sanitize_none_input" time="0.000" /><testcase classname="tests.unit.validation.test_validation_service.TestValidationService" name="test_validate_with_risk_levels" time="0.001" /><testcase classname="tests.unit.validation.test_validation_service.TestValidationService" name="test_validate_with_blocked_patterns" time="0.001" /><testcase classname="tests.unit.validation.test_validation_service.TestValidationService" name="test_validate_with_warnings" time="0.001" /><testcase classname="tests.unit.validation.test_validation_service.TestValidationService" name="test_interface_compliance" time="0.006" /></testsuite></testsuites>